#
# A fatal error has been detected by the Java Runtime Environment:
#
#  EXCEPTION_ACCESS_VIOLATION (0xc0000005) at pc=0x00007ff96365c836, pid=12584, tid=12852
#
# JRE version: OpenJDK Runtime Environment (11.0.2+9) (build 11.0.2+9)
# Java VM: OpenJDK 64-Bit Server VM (11.0.2+9, mixed mode, tiered, compressed oops, g1 gc, windows-amd64)
# Problematic frame:
# C  [librdi_rsb.dll+0x20c836]
#
# No core dump will be written. Minidumps are not enabled by default on client versions of Windows
#
# If you would like to submit a bug report, please visit:
#   http://bugreport.java.com/bugreport/crash.jsp
# The crash happened outside the Java Virtual Machine in native code.
# See problematic frame for where to report the bug.
#

---------------  S U M M A R Y ------------

Command Line: -Dsun.java2d.pmoffscreen=false -Dhttps.protocols=TLSv1,TLSv1.1,TLSv1.2 -Dsun.java2d.xrender=false -Dsun.java2d.d3d=false -Dsun.awt.nopixfmt=true -Dsun.java2d.dpiaware=true -Dsun.java2d.uiScale.enabled=false -Xverify:none -Dswing.aatext=true -XX:-UsePerfData -Djdk.map.althashing.threshold=512 -XX:StringTableSize=4072 --add-opens=java.base/java.nio=ALL-UNNAMED --add-opens=java.desktop/sun.swing=ALL-UNNAMED --add-opens=java.desktop/javax.swing=ALL-UNNAMED --add-opens=java.desktop/javax.swing.tree=ALL-UNNAMED --add-opens=java.desktop/javax.swing.plaf.basic=ALL-UNNAMED --add-opens=java.desktop/javax.swing.plaf.synth=ALL-UNNAMED --add-opens=java.desktop/com.sun.awt=ALL-UNNAMED -XX:NewSize=60m -XX:MaxNewSize=60m -Xms128m -Xmx3072m -Xss5m 

Host: Intel(R) Core(TM) i7-6700 CPU @ 3.40GHz, 8 cores, 15G,  Windows 10 , 64 bit Build 19041 (10.0.19041.1023)
Time: Mon Jul 19 22:06:17 2021 Eastern Summer Time elapsed time: 6870 seconds (0d 1h 54m 30s)

---------------  T H R E A D  ---------------

Current thread (0x0000028d9b8be800):  JavaThread "AWT-EventQueue-0" [_thread_in_native, id=12852, stack(0x000000e437600000,0x000000e437b00000)]

Stack: [0x000000e437600000,0x000000e437b00000],  sp=0x000000e437af9a80,  free space=5094k
Native frames: (J=compiled Java code, j=interpreted, Vv=VM code, C=native code)
C  [librdi_rsb.dll+0x20c836]
C  0x0000028d90b9dbad

Java frames: (J=compiled Java code, j=interpreted, Vv=VM code)
J 16596  ui.data.rsbi.RSBBase_getName(J)Ljava/lang/String; (0 bytes) @ 0x0000028d90b9db11 [0x0000028d90b9dac0+0x0000000000000051]
J 17008 c2 ui.data.l.X.getName()Ljava/lang/String; (8 bytes) @ 0x0000028d90bf7f84 [0x0000028d90bf7f40+0x0000000000000044]
j  ui.views.systembuilder.dK.fQa()Ljava/lang/String;+11
J 30533 c1 ui.dlg.q.a.l.getText()Ljava/lang/String; (20 bytes) @ 0x0000028d8bb2addc [0x0000028d8bb2ab80+0x000000000000025c]
J 28341 c2 javax.swing.plaf.basic.BasicLabelUI.propertyChange(Ljava/beans/PropertyChangeEvent;)V java.desktop@11.0.2 (77 bytes) @ 0x0000028d90fcef94 [0x0000028d90fceb00+0x0000000000000494]
J 7095 c2 java.awt.Component.firePropertyChange(Ljava/lang/String;Ljava/lang/Object;Ljava/lang/Object;)V java.desktop@11.0.2 (59 bytes) @ 0x0000028d9016ec90 [0x0000028d9016e2c0+0x00000000000009d0]
J 6678 c2 java.awt.Container.updateChildGraphicsData(Ljava/awt/GraphicsConfiguration;)Z java.desktop@11.0.2 (55 bytes) @ 0x0000028d8fea65a4 [0x0000028d8fea62e0+0x00000000000002c4]
J 6678 c2 java.awt.Container.updateChildGraphicsData(Ljava/awt/GraphicsConfiguration;)Z java.desktop@11.0.2 (55 bytes) @ 0x0000028d8fea6470 [0x0000028d8fea62e0+0x0000000000000190]
J 6678 c2 java.awt.Container.updateChildGraphicsData(Ljava/awt/GraphicsConfiguration;)Z java.desktop@11.0.2 (55 bytes) @ 0x0000028d8fea6470 [0x0000028d8fea62e0+0x0000000000000190]
J 6678 c2 java.awt.Container.updateChildGraphicsData(Ljava/awt/GraphicsConfiguration;)Z java.desktop@11.0.2 (55 bytes) @ 0x0000028d8fea6470 [0x0000028d8fea62e0+0x0000000000000190]
J 6678 c2 java.awt.Container.updateChildGraphicsData(Ljava/awt/GraphicsConfiguration;)Z java.desktop@11.0.2 (55 bytes) @ 0x0000028d8fea6470 [0x0000028d8fea62e0+0x0000000000000190]
J 6678 c2 java.awt.Container.updateChildGraphicsData(Ljava/awt/GraphicsConfiguration;)Z java.desktop@11.0.2 (55 bytes) @ 0x0000028d8fea6470 [0x0000028d8fea62e0+0x0000000000000190]
J 9393 c2 java.awt.Component.setGraphicsConfiguration(Ljava/awt/GraphicsConfiguration;)V java.desktop@11.0.2 (34 bytes) @ 0x0000028d900c894c [0x0000028d900c8860+0x00000000000000ec]
J 20041 c2 java.awt.Container.addImpl(Ljava/awt/Component;Ljava/lang/Object;I)V java.desktop@11.0.2 (364 bytes) @ 0x0000028d90f46b3c [0x0000028d90f46580+0x00000000000005bc]
J 22474 c1 javax.swing.JTabbedPane.insertTab(Ljava/lang/String;Ljavax/swing/Icon;Ljava/awt/Component;Ljava/lang/String;I)V java.desktop@11.0.2 (191 bytes) @ 0x0000028d8a605f1c [0x0000028d8a605740+0x00000000000007dc]
J 23136 c1 com.jidesoft.swing.JideTabbedPane.insertTab(Ljava/lang/String;Ljavax/swing/Icon;Ljava/awt/Component;Ljava/lang/String;I)V (71 bytes) @ 0x0000028d88f40074 [0x0000028d88f3fbc0+0x00000000000004b4]
J 24452 c1 ui.utils.swing.t.i.c(Ljava/lang/String;Ljava/awt/Component;Lui/frmwork/e/a;)V (36 bytes) @ 0x0000028d8a2cd4fc [0x0000028d8a2cd2c0+0x000000000000023c]
j  ui.views.cY.aOD()V+175
j  ui.views.cY.iLK()V+52
j  ui.views.cY.ci(Lui/data/bq;)V+64
j  ui.views.cc.ci(Lui/data/bq;)V+52
J 28693 c2 ui.views.cY.a(Lui/frmwork/a/a;)V (194 bytes) @ 0x0000028d91779308 [0x0000028d91779020+0x00000000000002e8]
J 29246 c2 ui.views.cc.a(Lui/frmwork/a/a;)V (186 bytes) @ 0x0000028d909d4844 [0x0000028d909d4780+0x00000000000000c4]
J 20377 c2 ui.frmwork.a.c.j(Lui/frmwork/a/a;)V (94 bytes) @ 0x0000028d90fe2e44 [0x0000028d90fe2c60+0x00000000000001e4]
J 24862 c2 ui.frmwork.a.c.b(Lui/frmwork/a/a;)V (60 bytes) @ 0x0000028d9133f4c8 [0x0000028d9133f380+0x0000000000000148]
J 22105 c1 ui.data.bt.M(Ljava/lang/Object;Ljava/lang/Object;)V (60 bytes) @ 0x0000028d88bcd474 [0x0000028d88bccd80+0x00000000000006f4]
J 23800 c1 ui.data.bt.ex(Ljava/lang/Object;)V (7 bytes) @ 0x0000028d895950c4 [0x0000028d89594fc0+0x0000000000000104]
j  ui.views.systembuilder.iH.selectionNotify(Lde/concept/nlview/NlviewSelectionNotifyEvent;)V+335
j  de.concept.nlview.Nlview$SelectionNotifySender.run()V+30
j  de.concept.nlview.Nlview.sendSelectionNotify(I)V+38
v  ~StubRoutines::call_stub
j  de.concept.nlview.Nlview.peerMouseRelease(JIIII)V+0
J 28726 c1 de.concept.nlview.Nlview.processMouseEvent(Ljava/awt/event/MouseEvent;)V (132 bytes) @ 0x0000028d8a3132c4 [0x0000028d8a312a00+0x00000000000008c4]
J 28725 c1 ui.views.systembuilder.hH.processMouseEvent(Ljava/awt/event/MouseEvent;)V (47 bytes) @ 0x0000028d8a443f74 [0x0000028d8a443da0+0x00000000000001d4]
J 22664 c2 java.awt.Container.processEvent(Ljava/awt/AWTEvent;)V java.desktop@11.0.2 (22 bytes) @ 0x0000028d9124c6ec [0x0000028d9124c520+0x00000000000001cc]
J 23847 c2 java.awt.Component.dispatchEventImpl(Ljava/awt/AWTEvent;)V java.desktop@11.0.2 (777 bytes) @ 0x0000028d90ee66e0 [0x0000028d90ee5e60+0x0000000000000880]
J 27724 c2 java.awt.Container.dispatchEventImpl(Ljava/awt/AWTEvent;)V java.desktop@11.0.2 (129 bytes) @ 0x0000028d919568f4 [0x0000028d919561a0+0x0000000000000754]
J 21188 c2 java.awt.LightweightDispatcher.retargetMouseEvent(Ljava/awt/Component;ILjava/awt/event/MouseEvent;)V java.desktop@11.0.2 (372 bytes) @ 0x0000028d90876668 [0x0000028d908760e0+0x0000000000000588]
J 27724 c2 java.awt.Container.dispatchEventImpl(Ljava/awt/AWTEvent;)V java.desktop@11.0.2 (129 bytes) @ 0x0000028d91957138 [0x0000028d919561a0+0x0000000000000f98]
J 19592 c2 java.awt.Window.dispatchEventImpl(Ljava/awt/AWTEvent;)V java.desktop@11.0.2 (23 bytes) @ 0x0000028d90ed438c [0x0000028d90ed4340+0x000000000000004c]
J 11070 c2 java.awt.EventQueue$4.run()Ljava/lang/Object; java.desktop@11.0.2 (5 bytes) @ 0x0000028d90473ab0 [0x0000028d90473960+0x0000000000000150]
v  ~StubRoutines::call_stub
J 4272  java.security.AccessController.doPrivileged(Ljava/security/PrivilegedAction;Ljava/security/AccessControlContext;)Ljava/lang/Object; java.base@11.0.2 (0 bytes) @ 0x0000028d8ffa4836 [0x0000028d8ffa47c0+0x0000000000000076]
J 18281 c2 java.awt.EventQueue$5.run()Ljava/lang/Object; java.desktop@11.0.2 (5 bytes) @ 0x0000028d90cc4d74 [0x0000028d90cc4b00+0x0000000000000274]
v  ~StubRoutines::call_stub
J 4272  java.security.AccessController.doPrivileged(Ljava/security/PrivilegedAction;Ljava/security/AccessControlContext;)Ljava/lang/Object; java.base@11.0.2 (0 bytes) @ 0x0000028d8ffa4836 [0x0000028d8ffa47c0+0x0000000000000076]
J 11002 c2 java.awt.EventQueue.dispatchEvent(Ljava/awt/AWTEvent;)V java.desktop@11.0.2 (80 bytes) @ 0x0000028d9045c664 [0x0000028d9045c0c0+0x00000000000005a4]
J 16778 c2 ui.frmwork.a.d.dispatchEvent(Ljava/awt/AWTEvent;)V (42 bytes) @ 0x0000028d90bbcfd4 [0x0000028d90bbcee0+0x00000000000000f4]
J 27525 c2 java.awt.EventDispatchThread.pumpOneEventForFilters(I)V java.desktop@11.0.2 (113 bytes) @ 0x0000028d918a60ec [0x0000028d918a5d20+0x00000000000003cc]
J 22766% c2 java.awt.EventDispatchThread.pumpEventsForFilter(ILjava/awt/Conditional;Ljava/awt/EventFilter;)V java.desktop@11.0.2 (47 bytes) @ 0x0000028d912a80fc [0x0000028d912a7fe0+0x000000000000011c]
j  java.awt.EventDispatchThread.pumpEventsForHierarchy(ILjava/awt/Conditional;Ljava/awt/Component;)V+11 java.desktop@11.0.2
j  java.awt.EventDispatchThread.pumpEvents(ILjava/awt/Conditional;)V+4 java.desktop@11.0.2
j  java.awt.EventDispatchThread.pumpEvents(Ljava/awt/Conditional;)V+3 java.desktop@11.0.2
j  java.awt.EventDispatchThread.run()V+9 java.desktop@11.0.2
v  ~StubRoutines::call_stub

siginfo: EXCEPTION_ACCESS_VIOLATION (0xc0000005), reading address 0x0000014000000021


Register to memory mapping:

RIP=0x00007ff96365c836 librdi_rsb.dll
RAX=0x0000014000000011 is an unknown value
RBX={method} {0x0000028daf3501c8} 'dAC' '()J' in 'ui/data/l/Y'
RCX=0x0000028db121bb60 points into unknown readable memory: 11 00 00 00 40 01 00 00
RDX=0x000000e437af9ae0 is pointing into the stack for thread: 0x0000028d9b8be800
RSP=0x000000e437af9a80 is pointing into the stack for thread: 0x0000028d9b8be800
RBP=0x000000e437af9bf0 is pointing into the stack for thread: 0x0000028d9b8be800
RSI=0x0000000801094460 is a pointer to class: 
ui.views.systembuilder.dK {0x0000000801094468}
RDI=0x0000028dc9f0fd98 is pointing into metadata
R8 =0x0000028db121bb60 points into unknown readable memory: 11 00 00 00 40 01 00 00
R9 =3905079676 is a compressed pointer to object: ui.dlg.q.a.l 
{0x0000000746164be0} - klass: 'ui/dlg/q/a/l'
R10=0x00007ff96365c7e0 librdi_rsb.dll
R11=0x000000e437af9b88 is pointing into the stack for thread: 0x0000028d9b8be800
R12=0x0 is NULL
R13=0x000000e437af9c28 is pointing into the stack for thread: 0x0000028d9b8be800
R14=0x0000028d9b8beb40 points into unknown readable memory: a0 1c 80 91 f9 7f 00 00
R15=0x0000028d9b8be800 is a thread


Registers:
RAX=0x0000014000000011, RBX=0x0000028daf3501c0, RCX=0x0000028db121bb60, RDX=0x000000e437af9ae0
RSP=0x000000e437af9a80, RBP=0x000000e437af9bf0, RSI=0x0000000801094460, RDI=0x0000028dc9f0fd98
R8 =0x0000028db121bb60, R9 =0x00000000e8c2c97c, R10=0x00007ff96365c7e0, R11=0x000000e437af9b88
R12=0x0000000000000000, R13=0x000000e437af9c28, R14=0x0000028d9b8beb40, R15=0x0000028d9b8be800
RIP=0x00007ff96365c836, EFLAGS=0x0000000000010202

Top of Stack: (sp=0x000000e437af9a80)
0x000000e437af9a80:   000000000000000f 00007ff9f59ffde6
0x000000e437af9a90:   0000000000000000 0000000000000020
0x000000e437af9aa0:   0000028d9b8beb40 fffffffffffffffe
0x000000e437af9ab0:   0000000746168320 00007ff990f22f9f
0x000000e437af9ac0:   0000000000000020 000000e400000000
0x000000e437af9ad0:   0000000741488b78 00007ff9e8c2d0f5
0x000000e437af9ae0:   0000000000000000 0000000000000000
0x000000e437af9af0:   0000000004e90622 0000000000000063
0x000000e437af9b00:   0000028df6b7e300 0000028df7cd37c0
0x000000e437af9b10:   0000000000000000 000000000000000f
0x000000e437af9b20:   000000e400000002 00007ff995432127
0x000000e437af9b30:   00000007459f7a78 0000000000000007
0x000000e437af9b40:   0000000000000001 00007ff990f22f9f
0x000000e437af9b50:   0000000741488b78 00000000e8b3ef9d
0x000000e437af9b60:   0000000000000000 0000840017fa5737
0x000000e437af9b70:   000000e437af9be0 0000028dc9f0fd98 

Instructions: (pc=0x00007ff96365c836)
0x00007ff96365c816:   0f 6f 05 d3 d5 3a 00 f3 41 0f 7f 43 88 c6 84 24
0x00007ff96365c826:   80 00 00 00 00 49 8b 00 48 8d 54 24 60 49 8b c8
0x00007ff96365c836:   ff 50 10 48 8b d8 48 8d 84 24 80 00 00 00 48 3b
0x00007ff96365c846:   c3 74 37 48 8d 8c 24 80 00 00 00 e8 9a ae e1 ff 


Stack slot to memory mapping:
stack at sp + 0 slots: 0x000000000000000f is an unknown value
stack at sp + 1 slots: 0x00007ff9f59ffde6 ucrtbase.dll
stack at sp + 2 slots: 0x0 is NULL
stack at sp + 3 slots: 0x0000000000000020 is an unknown value
stack at sp + 4 slots: 0x0000028d9b8beb40 points into unknown readable memory: a0 1c 80 91 f9 7f 00 00
stack at sp + 5 slots: 0xfffffffffffffffe is an unknown value
stack at sp + 6 slots: 0x0000000746168320 is an oop: ui.dlg.q.a.l 
{0x0000000746168320} - klass: 'ui/dlg/q/a/l'
stack at sp + 7 slots: 0x00007ff990f22f9f jvm.dll


---------------  P R O C E S S  ---------------

Threads class SMR info:
_java_thread_list=0x0000028dd5de1010, length=65, elements={
0x0000028df8e63000, 0x0000028df797d000, 0x0000028df8c37800, 0x0000028df8379800,
0x0000028df7b2a000, 0x0000028df7b2b000, 0x0000028df197a000, 0x0000028def5ad800,
0x0000028df8e97000, 0x0000028df8e98000, 0x0000028df973a800, 0x0000028df973c800,
0x0000028df963f000, 0x0000028d9cf62800, 0x0000028d9b8be800, 0x0000028d9b9da800,
0x0000028df197b800, 0x0000028df1979800, 0x0000028d9cb72000, 0x0000028d9cb6e800,
0x0000028d9cb6f800, 0x0000028d9cb70000, 0x0000028d9cb6b800, 0x0000028d9cb72800,
0x0000028d9cb79000, 0x0000028d9cb76000, 0x0000028d9cb7a000, 0x0000028d9cb78800,
0x0000028d9cb75000, 0x0000028db68b6800, 0x0000028db68b8800, 0x0000028db68b4800,
0x0000028db68bb000, 0x0000028db68ba000, 0x0000028db68b9000, 0x0000028dc2718800,
0x0000028dc271e000, 0x0000028dc2719000, 0x0000028dc271f000, 0x0000028dc271d000,
0x0000028dc271b000, 0x0000028d9cb71000, 0x0000028d9cb6c000, 0x0000028d9cb73800,
0x0000028d9cb6d800, 0x0000028d9cb77800, 0x0000028d9cb74800, 0x0000028d9cb76800,
0x0000028db68b5000, 0x0000028db68b7800, 0x0000028dc271a000, 0x0000028ddd188000,
0x0000028ddd192000, 0x0000028dc271c800, 0x0000028dc2717800, 0x0000028ddd189800,
0x0000028ddd187000, 0x0000028ddd18d800, 0x0000028ddd185800, 0x0000028ddd190000,
0x0000028ddd18d000, 0x0000028ddd191000, 0x0000028ddd18b800, 0x0000028ddd18f800,
0x0000028dc2710000
}

Java Threads: ( => current thread )
  0x0000028df8e63000 JavaThread "main" [_thread_blocked, id=12272, stack(0x000000e431700000,0x000000e431800000)]
  0x0000028df797d000 JavaThread "Reference Handler" daemon [_thread_blocked, id=16428, stack(0x000000e433500000,0x000000e433a00000)]
  0x0000028df8c37800 JavaThread "Finalizer" daemon [_thread_blocked, id=7424, stack(0x000000e433a00000,0x000000e433f00000)]
  0x0000028df8379800 JavaThread "Signal Dispatcher" daemon [_thread_blocked, id=19284, stack(0x000000e433f00000,0x000000e434400000)]
  0x0000028df7b2a000 JavaThread "Attach Listener" daemon [_thread_blocked, id=11756, stack(0x000000e434400000,0x000000e434900000)]
  0x0000028df7b2b000 JavaThread "C2 CompilerThread0" daemon [_thread_blocked, id=12484, stack(0x000000e434900000,0x000000e434a00000)]
  0x0000028df197a000 JavaThread "C1 CompilerThread0" daemon [_thread_blocked, id=11568, stack(0x000000e434a00000,0x000000e434b00000)]
  0x0000028def5ad800 JavaThread "Sweeper thread" daemon [_thread_blocked, id=16856, stack(0x000000e434b00000,0x000000e435000000)]
  0x0000028df8e97000 JavaThread "Common-Cleaner" daemon [_thread_blocked, id=15016, stack(0x000000e435100000,0x000000e435600000)]
  0x0000028df8e98000 JavaThread "Service Thread" daemon [_thread_blocked, id=6272, stack(0x000000e435600000,0x000000e435b00000)]
  0x0000028df973a800 JavaThread "Java2D Disposer" daemon [_thread_blocked, id=864, stack(0x000000e435c00000,0x000000e436100000)]
  0x0000028df973c800 JavaThread "AWT-Windows" daemon [_thread_in_native, id=7964, stack(0x000000e436600000,0x000000e436b00000)]
  0x0000028df963f000 JavaThread "TimerQueue" daemon [_thread_blocked, id=14056, stack(0x000000e436b00000,0x000000e437000000)]
  0x0000028d9cf62800 JavaThread "AWT-Shutdown" [_thread_blocked, id=6640, stack(0x000000e436100000,0x000000e436600000)]
=>0x0000028d9b8be800 JavaThread "AWT-EventQueue-0" [_thread_in_native, id=12852, stack(0x000000e437600000,0x000000e437b00000)]
  0x0000028d9b9da800 JavaThread "Thread-1" [_thread_in_native, id=14636, stack(0x000000e431800000,0x000000e432c00000)]
  0x0000028df197b800 JavaThread "Process Messages Thread" [_thread_blocked, id=18732, stack(0x000000e438000000,0x000000e438500000)]
  0x0000028df1979800 JavaThread "Batik CleanerThread" daemon [_thread_blocked, id=8600, stack(0x000000e437b00000,0x000000e438000000)]
  0x0000028d9cb72000 JavaThread "SyntheticaCleanerThread" daemon [_thread_blocked, id=14632, stack(0x000000e439400000,0x000000e439900000)]
  0x0000028d9cb6e800 JavaThread "Monitor HEventQueue Thread" [_thread_blocked, id=2012, stack(0x000000e439900000,0x000000e439e00000)]
  0x0000028d9cb6f800 JavaThread "SyntheticaAnimation 50" daemon [_thread_blocked, id=2884, stack(0x000000e439e00000,0x000000e43a300000)]
  0x0000028d9cb70000 JavaThread "SyntheticaAnimation 25" daemon [_thread_blocked, id=12764, stack(0x000000e43a300000,0x000000e43a800000)]
  0x0000028d9cb6b800 JavaThread "SyntheticaAnimation 50" daemon [_thread_blocked, id=8280, stack(0x000000e438e00000,0x000000e439300000)]
  0x0000028d9cb72800 JavaThread "SyntheticaAnimation 70" daemon [_thread_blocked, id=15564, stack(0x000000e43a800000,0x000000e43ad00000)]
  0x0000028d9cb79000 JavaThread "Refresh Filesets Swing Worker Thread" [_thread_blocked, id=7384, stack(0x000000e43b200000,0x000000e43b700000)]
  0x0000028d9cb76000 JavaThread "hw_ila_monitor" [_thread_blocked, id=2348, stack(0x000000e43b700000,0x000000e43bc00000)]
  0x0000028d9cb7a000 JavaThread "pool-1-thread-1" [_thread_blocked, id=16300, stack(0x000000e43c600000,0x000000e43cb00000)]
  0x0000028d9cb78800 JavaThread "pool-2-thread-1" [_thread_blocked, id=1296, stack(0x000000e43cb00000,0x000000e43d000000)]
  0x0000028d9cb75000 JavaThread "pool-3-thread-1" [_thread_blocked, id=19152, stack(0x000000e43d000000,0x000000e43d500000)]
  0x0000028db68b6800 JavaThread "QuantumRenderer-0" daemon [_thread_blocked, id=8780, stack(0x000000e43df00000,0x000000e43e400000)]
  0x0000028db68b8800 JavaThread "InvokeLaterDispatcher" daemon [_thread_blocked, id=12724, stack(0x000000e43e400000,0x000000e43e900000)]
  0x0000028db68b4800 JavaThread "JavaFX Application Thread" [_thread_in_native, id=11668, stack(0x000000e43e900000,0x000000e43ee00000)]
  0x0000028db68bb000 JavaThread "Thread-65" daemon [_thread_in_native, id=9916, stack(0x000000e437500000,0x000000e437600000)]
  0x0000028db68ba000 JavaThread "Prism Font Disposer" daemon [_thread_blocked, id=6920, stack(0x000000e43da00000,0x000000e43df00000)]
  0x0000028db68b9000 JavaThread "Disposer" daemon [_thread_blocked, id=13336, stack(0x000000e43ee00000,0x000000e43f300000)]
  0x0000028dc2718800 JavaThread "Cleaner-0" daemon [_thread_blocked, id=17568, stack(0x000000e442500000,0x000000e442a00000)]
  0x0000028dc271e000 JavaThread "Image Animator 0" daemon [_thread_blocked, id=15824, stack(0x000000e441400000,0x000000e441900000)]
  0x0000028dc2719000 JavaThread "pool-9-thread-1" [_thread_blocked, id=15800, stack(0x000000e440500000,0x000000e440a00000)]
  0x0000028dc271f000 JavaThread "pool-10-thread-1" [_thread_blocked, id=14932, stack(0x000000e441900000,0x000000e441e00000)]
  0x0000028dc271d000 JavaThread "pool-11-thread-1" [_thread_blocked, id=17728, stack(0x000000e441e00000,0x000000e442300000)]
  0x0000028dc271b000 JavaThread "pool-12-thread-1" [_thread_blocked, id=14020, stack(0x000000e442a00000,0x000000e442f00000)]
  0x0000028d9cb71000 JavaThread "pool-13-thread-1" [_thread_blocked, id=8740, stack(0x000000e442f00000,0x000000e443400000)]
  0x0000028d9cb6c000 JavaThread "pool-14-thread-1" [_thread_blocked, id=10624, stack(0x000000e443400000,0x000000e443900000)]
  0x0000028d9cb73800 JavaThread "pool-15-thread-1" [_thread_blocked, id=12076, stack(0x000000e443900000,0x000000e443e00000)]
  0x0000028d9cb6d800 JavaThread "pool-16-thread-1" [_thread_blocked, id=3608, stack(0x000000e443e00000,0x000000e444300000)]
  0x0000028d9cb77800 JavaThread "pool-17-thread-1" [_thread_blocked, id=12024, stack(0x000000e444300000,0x000000e444800000)]
  0x0000028d9cb74800 JavaThread "pool-18-thread-1" [_thread_blocked, id=13400, stack(0x000000e444800000,0x000000e444d00000)]
  0x0000028d9cb76800 JavaThread "pool-19-thread-1" [_thread_blocked, id=18660, stack(0x000000e444d00000,0x000000e445200000)]
  0x0000028db68b5000 JavaThread "pool-20-thread-1" [_thread_blocked, id=14736, stack(0x000000e445200000,0x000000e445700000)]
  0x0000028db68b7800 JavaThread "Timer-4" [_thread_blocked, id=672, stack(0x000000e440f00000,0x000000e441400000)]
  0x0000028dc271a000 JavaThread "Monitor File Timestamp Swing Worker Thread" [_thread_blocked, id=12580, stack(0x000000e445700000,0x000000e445c00000)]
  0x0000028ddd188000 JavaThread "SyntheticaAnimation 50" daemon [_thread_blocked, id=11500, stack(0x000000e43f400000,0x000000e43f900000)]
  0x0000028ddd192000 JavaThread "SocketStreamHandle-2" daemon [_thread_in_native, id=10488, stack(0x000000e448400000,0x000000e448900000)]
  0x0000028dc271c800 JavaThread "pool-25-thread-1" [_thread_blocked, id=15168, stack(0x000000e445c00000,0x000000e446100000)]
  0x0000028dc2717800 JavaThread "pool-26-thread-1" [_thread_blocked, id=12104, stack(0x000000e446100000,0x000000e446600000)]
  0x0000028ddd189800 JavaThread "pool-27-thread-1" [_thread_blocked, id=16696, stack(0x000000e446600000,0x000000e446b00000)]
  0x0000028ddd187000 JavaThread "Timer-9" [_thread_blocked, id=1052, stack(0x000000e43c000000,0x000000e43c500000)]
  0x0000028ddd18d800 JavaThread "Monitor File Timestamp Swing Worker Thread" [_thread_blocked, id=15392, stack(0x000000e43fb00000,0x000000e440000000)]
  0x0000028ddd185800 JavaThread "Update Runs Swing Worker Thread" [_thread_blocked, id=14188, stack(0x000000e43d500000,0x000000e43da00000)]
  0x0000028ddd190000 JavaThread "pool-31-thread-1" [_thread_blocked, id=10976, stack(0x000000e446b00000,0x000000e447000000)]
  0x0000028ddd18d000 JavaThread "pool-32-thread-1" [_thread_blocked, id=17740, stack(0x000000e447000000,0x000000e447500000)]
  0x0000028ddd191000 JavaThread "pool-33-thread-1" [_thread_blocked, id=13080, stack(0x000000e447500000,0x000000e447a00000)]
  0x0000028ddd18b800 JavaThread "pool-34-thread-1" [_thread_blocked, id=14248, stack(0x000000e447a00000,0x000000e447f00000)]
  0x0000028ddd18f800 JavaThread "pool-35-thread-1" [_thread_blocked, id=7200, stack(0x000000e447f00000,0x000000e448400000)]
  0x0000028dc2710000 JavaThread "Image Fetcher 3" daemon [_thread_blocked, id=18136, stack(0x000000e440a00000,0x000000e440f00000)]

Other Threads:
  0x0000028df797c800 VMThread "VM Thread" [stack: 0x000000e433400000,0x000000e433500000] [id=3644]
  0x0000028df8ea5800 WatcherThread [stack: 0x000000e435b00000,0x000000e435c00000] [id=10616]
  0x0000028df672d800 GCTaskThread "GC Thread#0" [stack: 0x000000e432f00000,0x000000e433000000] [id=16016]
  0x0000028d9bd08800 GCTaskThread "GC Thread#1" [stack: 0x000000e438500000,0x000000e438600000] [id=15184]
  0x0000028d9bd09000 GCTaskThread "GC Thread#2" [stack: 0x000000e438600000,0x000000e438700000] [id=10500]
  0x0000028d9bcff000 GCTaskThread "GC Thread#3" [stack: 0x000000e438700000,0x000000e438800000] [id=10644]
  0x0000028d9bcff800 GCTaskThread "GC Thread#4" [stack: 0x000000e438800000,0x000000e438900000] [id=9512]
  0x0000028d9bd96800 GCTaskThread "GC Thread#5" [stack: 0x000000e438900000,0x000000e438a00000] [id=12248]
  0x0000028d9bd97000 GCTaskThread "GC Thread#6" [stack: 0x000000e438a00000,0x000000e438b00000] [id=6048]
  0x0000028d9bd98000 GCTaskThread "GC Thread#7" [stack: 0x000000e438b00000,0x000000e438c00000] [id=16044]
  0x0000028de9253800 ConcurrentGCThread "G1 Main Marker" [stack: 0x000000e433000000,0x000000e433100000] [id=10560]
  0x0000028de9254000 ConcurrentGCThread "G1 Conc#0" [stack: 0x000000e433100000,0x000000e433200000] [id=5408]
  0x0000028d9b7b3000 ConcurrentGCThread "G1 Conc#1" [stack: 0x000000e438d00000,0x000000e438e00000] [id=15912]
  0x0000028df77af800 ConcurrentGCThread "G1 Refine#0" [stack: 0x000000e433200000,0x000000e433300000] [id=8112]
  0x0000028d9cb7f800 ConcurrentGCThread "G1 Refine#1" [stack: 0x000000e438c00000,0x000000e438d00000] [id=2832]
  0x0000028d9b4e7800 ConcurrentGCThread "G1 Refine#2" [stack: 0x000000e439300000,0x000000e439400000] [id=17768]
  0x0000028df98a0800 ConcurrentGCThread "G1 Refine#3" [stack: 0x000000e437000000,0x000000e437100000] [id=14204]
  0x0000028dedebf800 ConcurrentGCThread "G1 Young RemSet Sampling" [stack: 0x000000e433300000,0x000000e433400000] [id=15380]

Threads with active compile tasks:

VM state:not at safepoint (normal execution)

VM Mutex/Monitor currently owned by a thread: None

Heap address: 0x0000000740000000, size: 3072 MB, Compressed Oops mode: Zero based, Oop shift amount: 3
Narrow klass base: 0x0000000800000000, Narrow klass shift: 0
Compressed class space size: 1073741824 Address: 0x0000000800000000

Heap:
 garbage-first heap   total 239616K, used 186385K [0x0000000740000000, 0x0000000800000000)
  region size 1024K, 59 young (60416K), 3 survivors (3072K)
 Metaspace       used 113678K, capacity 115737K, committed 118736K, reserved 1150976K
  class space    used 15415K, capacity 16320K, committed 17356K, reserved 1048576K
Heap Regions: E=young(eden), S=young(survivor), O=old, HS=humongous(starts), HC=humongous(continues), CS=collection set, F=free, A=archive, TAMS=top-at-mark-start (previous, next)
|   0|0x0000000740000000, 0x0000000740100000, 0x0000000740100000|100%|HS|  |TAMS 0x0000000740100000, 0x0000000740000000| Complete 
|   1|0x0000000740100000, 0x0000000740200000, 0x0000000740200000|100%|HC|  |TAMS 0x0000000740200000, 0x0000000740100000| Complete 
|   2|0x0000000740200000, 0x0000000740300000, 0x0000000740300000|100%|HS|  |TAMS 0x0000000740300000, 0x0000000740200000| Complete 
|   3|0x0000000740300000, 0x00000007403fe308, 0x0000000740400000| 99%| O|  |TAMS 0x00000007403fe308, 0x0000000740300000| Untracked 
|   4|0x0000000740400000, 0x00000007404ffff8, 0x0000000740500000| 99%| O|  |TAMS 0x00000007404ffff8, 0x0000000740400000| Untracked 
|   5|0x0000000740500000, 0x00000007405fffd0, 0x0000000740600000| 99%| O|  |TAMS 0x00000007405fffd0, 0x0000000740500000| Untracked 
|   6|0x0000000740600000, 0x00000007406fffd0, 0x0000000740700000| 99%| O|  |TAMS 0x00000007406fffd0, 0x0000000740600000| Untracked 
|   7|0x0000000740700000, 0x00000007407ffff0, 0x0000000740800000| 99%| O|  |TAMS 0x00000007407ffff0, 0x0000000740700000| Untracked 
|   8|0x0000000740800000, 0x00000007408fffc8, 0x0000000740900000| 99%| O|  |TAMS 0x00000007408fffc8, 0x0000000740800000| Untracked 
|   9|0x0000000740900000, 0x00000007409fffe8, 0x0000000740a00000| 99%| O|  |TAMS 0x00000007409fffe8, 0x0000000740900000| Untracked 
|  10|0x0000000740a00000, 0x0000000740affff8, 0x0000000740b00000| 99%| O|  |TAMS 0x0000000740affff8, 0x0000000740a00000| Untracked 
|  11|0x0000000740b00000, 0x0000000740bffff8, 0x0000000740c00000| 99%| O|  |TAMS 0x0000000740bffff8, 0x0000000740b00000| Untracked 
|  12|0x0000000740c00000, 0x0000000740cfffd0, 0x0000000740d00000| 99%| O|  |TAMS 0x0000000740cfffd0, 0x0000000740c00000| Untracked 
|  13|0x0000000740d00000, 0x0000000740dfffb8, 0x0000000740e00000| 99%| O|  |TAMS 0x0000000740dfffb8, 0x0000000740d00000| Untracked 
|  14|0x0000000740e00000, 0x0000000740eff620, 0x0000000740f00000| 99%| O|  |TAMS 0x0000000740eff620, 0x0000000740e00000| Untracked 
|  15|0x0000000740f00000, 0x0000000740fffff0, 0x0000000741000000| 99%| O|  |TAMS 0x0000000740fffff0, 0x0000000740f00000| Untracked 
|  16|0x0000000741000000, 0x00000007410ffff0, 0x0000000741100000| 99%| O|  |TAMS 0x00000007410ffff0, 0x0000000741000000| Untracked 
|  17|0x0000000741100000, 0x00000007411fffe0, 0x0000000741200000| 99%| O|  |TAMS 0x00000007411fffe0, 0x0000000741100000| Untracked 
|  18|0x0000000741200000, 0x00000007412fffe0, 0x0000000741300000| 99%| O|  |TAMS 0x00000007412fffe0, 0x0000000741200000| Untracked 
|  19|0x0000000741300000, 0x00000007413fcd90, 0x0000000741400000| 98%| O|  |TAMS 0x00000007413fcd90, 0x0000000741300000| Untracked 
|  20|0x0000000741400000, 0x00000007414ffff8, 0x0000000741500000| 99%| O|  |TAMS 0x00000007414ffff8, 0x0000000741400000| Untracked 
|  21|0x0000000741500000, 0x00000007415fffd8, 0x0000000741600000| 99%| O|  |TAMS 0x00000007415fffd8, 0x0000000741500000| Untracked 
|  22|0x0000000741600000, 0x00000007416ffff8, 0x0000000741700000| 99%| O|  |TAMS 0x00000007416ffff8, 0x0000000741600000| Untracked 
|  23|0x0000000741700000, 0x00000007417fffd8, 0x0000000741800000| 99%| O|  |TAMS 0x00000007417fffd8, 0x0000000741700000| Untracked 
|  24|0x0000000741800000, 0x00000007418ffff8, 0x0000000741900000| 99%| O|  |TAMS 0x00000007418ffff8, 0x0000000741800000| Untracked 
|  25|0x0000000741900000, 0x00000007419ffff0, 0x0000000741a00000| 99%| O|  |TAMS 0x00000007419ffff0, 0x0000000741900000| Untracked 
|  26|0x0000000741a00000, 0x0000000741afffe8, 0x0000000741b00000| 99%| O|  |TAMS 0x0000000741afffe8, 0x0000000741a00000| Untracked 
|  27|0x0000000741b00000, 0x0000000741bfffe0, 0x0000000741c00000| 99%| O|  |TAMS 0x0000000741bfffe0, 0x0000000741b00000| Untracked 
|  28|0x0000000741c00000, 0x0000000741cfffe8, 0x0000000741d00000| 99%| O|  |TAMS 0x0000000741cfffe8, 0x0000000741c00000| Untracked 
|  29|0x0000000741d00000, 0x0000000741dfff30, 0x0000000741e00000| 99%| O|  |TAMS 0x0000000741dfff30, 0x0000000741d00000| Untracked 
|  30|0x0000000741e00000, 0x0000000741efffe8, 0x0000000741f00000| 99%| O|  |TAMS 0x0000000741efffe8, 0x0000000741e00000| Untracked 
|  31|0x0000000741f00000, 0x0000000742000000, 0x0000000742000000|100%| O|  |TAMS 0x0000000742000000, 0x0000000741f00000| Untracked 
|  32|0x0000000742000000, 0x00000007420fffd8, 0x0000000742100000| 99%| O|  |TAMS 0x00000007420fffd8, 0x0000000742000000| Untracked 
|  33|0x0000000742100000, 0x0000000742200000, 0x0000000742200000|100%| O|  |TAMS 0x0000000742200000, 0x0000000742100000| Untracked 
|  34|0x0000000742200000, 0x00000007422ffff8, 0x0000000742300000| 99%| O|  |TAMS 0x00000007422ffff8, 0x0000000742200000| Untracked 
|  35|0x0000000742300000, 0x00000007423fffe8, 0x0000000742400000| 99%| O|  |TAMS 0x00000007423fffe8, 0x0000000742300000| Untracked 
|  36|0x0000000742400000, 0x00000007424ffee8, 0x0000000742500000| 99%| O|  |TAMS 0x00000007424ffee8, 0x0000000742400000| Untracked 
|  37|0x0000000742500000, 0x0000000742600000, 0x0000000742600000|100%| O|  |TAMS 0x0000000742600000, 0x0000000742500000| Untracked 
|  38|0x0000000742600000, 0x0000000742700000, 0x0000000742700000|100%| O|  |TAMS 0x0000000742700000, 0x0000000742600000| Untracked 
|  39|0x0000000742700000, 0x00000007427ffda0, 0x0000000742800000| 99%| O|  |TAMS 0x00000007427ffda0, 0x0000000742700000| Untracked 
|  40|0x0000000742800000, 0x00000007428ff900, 0x0000000742900000| 99%| O|  |TAMS 0x00000007428ff900, 0x0000000742800000| Untracked 
|  41|0x0000000742900000, 0x00000007429fffd8, 0x0000000742a00000| 99%| O|  |TAMS 0x00000007429fffd8, 0x0000000742900000| Untracked 
|  42|0x0000000742a00000, 0x0000000742b00000, 0x0000000742b00000|100%|HS|  |TAMS 0x0000000742b00000, 0x0000000742a00000| Complete 
|  43|0x0000000742b00000, 0x0000000742c00000, 0x0000000742c00000|100%|HC|  |TAMS 0x0000000742c00000, 0x0000000742b00000| Complete 
|  44|0x0000000742c00000, 0x0000000742d00000, 0x0000000742d00000|100%|HC|  |TAMS 0x0000000742d00000, 0x0000000742c00000| Complete 
|  45|0x0000000742d00000, 0x0000000742e00000, 0x0000000742e00000|100%|HC|  |TAMS 0x0000000742e00000, 0x0000000742d00000| Complete 
|  46|0x0000000742e00000, 0x0000000742f00000, 0x0000000742f00000|100%|HC|  |TAMS 0x0000000742f00000, 0x0000000742e00000| Complete 
|  47|0x0000000742f00000, 0x0000000743000000, 0x0000000743000000|100%|HC|  |TAMS 0x0000000743000000, 0x0000000742f00000| Complete 
|  48|0x0000000743000000, 0x0000000743100000, 0x0000000743100000|100%| O|  |TAMS 0x0000000743100000, 0x0000000743000000| Untracked 
|  49|0x0000000743100000, 0x0000000743200000, 0x0000000743200000|100%| O|  |TAMS 0x0000000743200000, 0x0000000743100000| Untracked 
|  50|0x0000000743200000, 0x0000000743300000, 0x0000000743300000|100%| O|  |TAMS 0x0000000743300000, 0x0000000743200000| Untracked 
|  51|0x0000000743300000, 0x00000007433ffff8, 0x0000000743400000| 99%| O|  |TAMS 0x00000007433ffff8, 0x0000000743300000| Untracked 
|  52|0x0000000743400000, 0x00000007434ffe50, 0x0000000743500000| 99%| O|  |TAMS 0x00000007434ffe50, 0x0000000743400000| Untracked 
|  53|0x0000000743500000, 0x00000007435fff58, 0x0000000743600000| 99%| O|  |TAMS 0x00000007435fff58, 0x0000000743500000| Untracked 
|  54|0x0000000743600000, 0x00000007436fffc8, 0x0000000743700000| 99%| O|  |TAMS 0x00000007436fffc8, 0x0000000743600000| Untracked 
|  55|0x0000000743700000, 0x00000007437fe410, 0x0000000743800000| 99%| O|  |TAMS 0x00000007437fe410, 0x0000000743700000| Untracked 
|  56|0x0000000743800000, 0x00000007438fff08, 0x0000000743900000| 99%| O|  |TAMS 0x00000007438fff08, 0x0000000743800000| Untracked 
|  57|0x0000000743900000, 0x00000007439fffc8, 0x0000000743a00000| 99%| O|  |TAMS 0x00000007439fffc8, 0x0000000743900000| Untracked 
|  58|0x0000000743a00000, 0x0000000743affff8, 0x0000000743b00000| 99%| O|  |TAMS 0x0000000743affff8, 0x0000000743a00000| Untracked 
|  59|0x0000000743b00000, 0x0000000743bffff0, 0x0000000743c00000| 99%| O|  |TAMS 0x0000000743bffff0, 0x0000000743b00000| Untracked 
|  60|0x0000000743c00000, 0x0000000743cfffe8, 0x0000000743d00000| 99%| O|  |TAMS 0x0000000743cfffe8, 0x0000000743c00000| Untracked 
|  61|0x0000000743d00000, 0x0000000743dfb860, 0x0000000743e00000| 98%| O|  |TAMS 0x0000000743dfb860, 0x0000000743d00000| Untracked 
|  62|0x0000000743e00000, 0x0000000743effff0, 0x0000000743f00000| 99%| O|  |TAMS 0x0000000743effff0, 0x0000000743e00000| Untracked 
|  63|0x0000000743f00000, 0x0000000743ffecc8, 0x0000000744000000| 99%| O|  |TAMS 0x0000000743ffecc8, 0x0000000743f00000| Untracked 
|  64|0x0000000744000000, 0x00000007440ffff8, 0x0000000744100000| 99%| O|  |TAMS 0x00000007440ffff8, 0x0000000744000000| Untracked 
|  65|0x0000000744100000, 0x0000000744200000, 0x0000000744200000|100%| O|  |TAMS 0x0000000744200000, 0x0000000744100000| Untracked 
|  66|0x0000000744200000, 0x00000007442f57f8, 0x0000000744300000| 95%| O|  |TAMS 0x00000007442f57f8, 0x0000000744200000| Untracked 
|  67|0x0000000744300000, 0x00000007443fffd8, 0x0000000744400000| 99%| O|  |TAMS 0x00000007443fffd8, 0x0000000744300000| Untracked 
|  68|0x0000000744400000, 0x00000007444fffb0, 0x0000000744500000| 99%| O|  |TAMS 0x00000007444fffb0, 0x0000000744400000| Untracked 
|  69|0x0000000744500000, 0x0000000744600000, 0x0000000744600000|100%| O|  |TAMS 0x0000000744600000, 0x0000000744500000| Untracked 
|  70|0x0000000744600000, 0x00000007446fe610, 0x0000000744700000| 99%| O|  |TAMS 0x00000007446fe610, 0x0000000744600000| Untracked 
|  71|0x0000000744700000, 0x0000000744800000, 0x0000000744800000|100%| O|  |TAMS 0x0000000744800000, 0x0000000744700000| Untracked 
|  72|0x0000000744800000, 0x00000007448ffff0, 0x0000000744900000| 99%| O|  |TAMS 0x00000007448ffff0, 0x0000000744800000| Untracked 
|  73|0x0000000744900000, 0x00000007449fffc8, 0x0000000744a00000| 99%| O|  |TAMS 0x00000007449fffc8, 0x0000000744900000| Untracked 
|  74|0x0000000744a00000, 0x0000000744affff0, 0x0000000744b00000| 99%| O|  |TAMS 0x0000000744affff0, 0x0000000744a00000| Untracked 
|  75|0x0000000744b00000, 0x0000000744bfff30, 0x0000000744c00000| 99%| O|  |TAMS 0x0000000744bfff30, 0x0000000744b00000| Untracked 
|  76|0x0000000744c00000, 0x0000000744cfffe0, 0x0000000744d00000| 99%| O|  |TAMS 0x0000000744cfffe0, 0x0000000744c00000| Untracked 
|  77|0x0000000744d00000, 0x0000000744e00000, 0x0000000744e00000|100%| O|  |TAMS 0x0000000744e00000, 0x0000000744d00000| Untracked 
|  78|0x0000000744e00000, 0x0000000744efffd0, 0x0000000744f00000| 99%| O|  |TAMS 0x0000000744efffd0, 0x0000000744e00000| Untracked 
|  79|0x0000000744f00000, 0x0000000744ffffe0, 0x0000000745000000| 99%| O|  |TAMS 0x0000000744ffffe0, 0x0000000744f00000| Untracked 
|  80|0x0000000745000000, 0x0000000745100000, 0x0000000745100000|100%|HS|  |TAMS 0x0000000745100000, 0x0000000745000000| Complete 
|  81|0x0000000745100000, 0x0000000745200000, 0x0000000745200000|100%|HC|  |TAMS 0x0000000745200000, 0x0000000745100000| Complete 
|  82|0x0000000745200000, 0x00000007452ffff8, 0x0000000745300000| 99%| O|  |TAMS 0x00000007452ffff8, 0x0000000745200000| Untracked 
|  83|0x0000000745300000, 0x00000007453ffec8, 0x0000000745400000| 99%| O|  |TAMS 0x00000007453ffec8, 0x0000000745300000| Untracked 
|  84|0x0000000745400000, 0x00000007454fffc0, 0x0000000745500000| 99%| O|  |TAMS 0x00000007454fffc0, 0x0000000745400000| Untracked 
|  85|0x0000000745500000, 0x00000007455ffff0, 0x0000000745600000| 99%| O|  |TAMS 0x00000007455ffff0, 0x0000000745500000| Untracked 
|  86|0x0000000745600000, 0x00000007456fffd8, 0x0000000745700000| 99%| O|  |TAMS 0x00000007456fffd8, 0x0000000745600000| Untracked 
|  87|0x0000000745700000, 0x00000007457ffee8, 0x0000000745800000| 99%| O|  |TAMS 0x00000007457ffee8, 0x0000000745700000| Untracked 
|  88|0x0000000745800000, 0x00000007458fffe0, 0x0000000745900000| 99%| O|  |TAMS 0x00000007458fffe0, 0x0000000745800000| Untracked 
|  89|0x0000000745900000, 0x00000007459ffff8, 0x0000000745a00000| 99%| O|  |TAMS 0x00000007459ffff8, 0x0000000745900000| Untracked 
|  90|0x0000000745a00000, 0x0000000745affff8, 0x0000000745b00000| 99%| O|  |TAMS 0x0000000745affff8, 0x0000000745a00000| Untracked 
|  91|0x0000000745b00000, 0x0000000745bffee8, 0x0000000745c00000| 99%| O|  |TAMS 0x0000000745bffee8, 0x0000000745b00000| Untracked 
|  92|0x0000000745c00000, 0x0000000745cfffd8, 0x0000000745d00000| 99%| O|  |TAMS 0x0000000745cfffd8, 0x0000000745c00000| Untracked 
|  93|0x0000000745d00000, 0x0000000745dffff0, 0x0000000745e00000| 99%| O|  |TAMS 0x0000000745dffff0, 0x0000000745d00000| Untracked 
|  94|0x0000000745e00000, 0x0000000745f00000, 0x0000000745f00000|100%| O|  |TAMS 0x0000000745f00000, 0x0000000745e00000| Untracked 
|  95|0x0000000745f00000, 0x0000000745ffffb0, 0x0000000746000000| 99%| O|  |TAMS 0x0000000745ffffb0, 0x0000000745f00000| Untracked 
|  96|0x0000000746000000, 0x00000007460ffe88, 0x0000000746100000| 99%| O|  |TAMS 0x00000007460ffe88, 0x0000000746000000| Untracked 
|  97|0x0000000746100000, 0x00000007461ffff8, 0x0000000746200000| 99%| O|  |TAMS 0x00000007461ffff8, 0x0000000746100000| Untracked 
|  98|0x0000000746200000, 0x0000000746300000, 0x0000000746300000|100%| O|  |TAMS 0x0000000746300000, 0x0000000746200000| Untracked 
|  99|0x0000000746300000, 0x00000007463ffff8, 0x0000000746400000| 99%| O|  |TAMS 0x00000007463ffff8, 0x0000000746300000| Untracked 
| 100|0x0000000746400000, 0x00000007464fffc0, 0x0000000746500000| 99%| O|  |TAMS 0x00000007464fffc0, 0x0000000746400000| Untracked 
| 101|0x0000000746500000, 0x00000007465ff9c0, 0x0000000746600000| 99%| O|  |TAMS 0x00000007465ff9c0, 0x0000000746500000| Untracked 
| 102|0x0000000746600000, 0x00000007466fffe0, 0x0000000746700000| 99%| O|  |TAMS 0x00000007466fffe0, 0x0000000746600000| Untracked 
| 103|0x0000000746700000, 0x00000007467ffff0, 0x0000000746800000| 99%| O|  |TAMS 0x00000007467ffff0, 0x0000000746700000| Untracked 
| 104|0x0000000746800000, 0x00000007468ffff0, 0x0000000746900000| 99%| O|  |TAMS 0x00000007468ffff0, 0x0000000746800000| Untracked 
| 105|0x0000000746900000, 0x00000007469ffff8, 0x0000000746a00000| 99%| O|  |TAMS 0x00000007469ffff8, 0x0000000746900000| Untracked 
| 106|0x0000000746a00000, 0x0000000746affff8, 0x0000000746b00000| 99%| O|  |TAMS 0x0000000746affff8, 0x0000000746a00000| Untracked 
| 107|0x0000000746b00000, 0x0000000746bcc9c0, 0x0000000746c00000| 79%| O|  |TAMS 0x0000000746bcc9c0, 0x0000000746b00000| Untracked 
| 108|0x0000000746c00000, 0x0000000746c38878, 0x0000000746d00000| 22%| O|  |TAMS 0x0000000746c38878, 0x0000000746c00000| Untracked 
| 109|0x0000000746d00000, 0x0000000746dffed8, 0x0000000746e00000| 99%| O|  |TAMS 0x0000000746dffed8, 0x0000000746d00000| Untracked 
| 110|0x0000000746e00000, 0x0000000746f00000, 0x0000000746f00000|100%|HS|  |TAMS 0x0000000746f00000, 0x0000000746e00000| Complete 
| 111|0x0000000746f00000, 0x0000000747000000, 0x0000000747000000|100%|HC|  |TAMS 0x0000000747000000, 0x0000000746f00000| Complete 
| 112|0x0000000747000000, 0x0000000747100000, 0x0000000747100000|100%|HC|  |TAMS 0x0000000747100000, 0x0000000747000000| Complete 
| 113|0x0000000747100000, 0x0000000747200000, 0x0000000747200000|100%|HC|  |TAMS 0x0000000747200000, 0x0000000747100000| Complete 
| 114|0x0000000747200000, 0x0000000747300000, 0x0000000747300000|100%|HC|  |TAMS 0x0000000747300000, 0x0000000747200000| Complete 
| 115|0x0000000747300000, 0x0000000747400000, 0x0000000747400000|100%|HC|  |TAMS 0x0000000747400000, 0x0000000747300000| Complete 
| 116|0x0000000747400000, 0x0000000747500000, 0x0000000747500000|100%| O|  |TAMS 0x0000000747500000, 0x0000000747400000| Untracked 
| 117|0x0000000747500000, 0x00000007475fbb00, 0x0000000747600000| 98%| O|  |TAMS 0x00000007475fbb00, 0x0000000747500000| Untracked 
| 118|0x0000000747600000, 0x0000000747700000, 0x0000000747700000|100%| O|  |TAMS 0x0000000747700000, 0x0000000747600000| Untracked 
| 119|0x0000000747700000, 0x0000000747700000, 0x0000000747800000|  0%| F|  |TAMS 0x0000000747700000, 0x0000000747700000| Untracked 
| 120|0x0000000747800000, 0x0000000747800000, 0x0000000747900000|  0%| F|  |TAMS 0x0000000747800000, 0x0000000747800000| Untracked 
| 121|0x0000000747900000, 0x0000000747900000, 0x0000000747a00000|  0%| F|  |TAMS 0x0000000747900000, 0x0000000747900000| Untracked 
| 122|0x0000000747a00000, 0x0000000747a0e638, 0x0000000747b00000|  5%| O|  |TAMS 0x0000000747a0e638, 0x0000000747a00000| Untracked 
| 123|0x0000000747b00000, 0x0000000747bdc3b0, 0x0000000747c00000| 86%| O|  |TAMS 0x0000000747bdc3b0, 0x0000000747b00000| Untracked 
| 124|0x0000000747c00000, 0x0000000747c438f0, 0x0000000747d00000| 26%| O|  |TAMS 0x0000000747c438f0, 0x0000000747c00000| Untracked 
| 125|0x0000000747d00000, 0x0000000747dfffe8, 0x0000000747e00000| 99%| O|  |TAMS 0x0000000747dfffe8, 0x0000000747d00000| Untracked 
| 126|0x0000000747e00000, 0x0000000747e00000, 0x0000000747f00000|  0%| F|  |TAMS 0x0000000747e00000, 0x0000000747e00000| Untracked 
| 127|0x0000000747f00000, 0x0000000747f00000, 0x0000000748000000|  0%| F|  |TAMS 0x0000000747f00000, 0x0000000747f00000| Untracked 
| 128|0x0000000748000000, 0x0000000748000000, 0x0000000748100000|  0%| F|  |TAMS 0x0000000748000000, 0x0000000748000000| Untracked 
| 129|0x0000000748100000, 0x0000000748112a88, 0x0000000748200000|  7%| O|  |TAMS 0x0000000748112a88, 0x0000000748100000| Untracked 
| 130|0x0000000748200000, 0x0000000748200000, 0x0000000748300000|  0%| F|  |TAMS 0x0000000748200000, 0x0000000748200000| Untracked 
| 131|0x0000000748300000, 0x0000000748400000, 0x0000000748400000|100%|HS|  |TAMS 0x0000000748400000, 0x0000000748300000| Complete 
| 132|0x0000000748400000, 0x0000000748500000, 0x0000000748500000|100%|HC|  |TAMS 0x0000000748500000, 0x0000000748400000| Complete 
| 133|0x0000000748500000, 0x0000000748600000, 0x0000000748600000|100%|HS|  |TAMS 0x0000000748600000, 0x0000000748500000| Complete 
| 134|0x0000000748600000, 0x0000000748600000, 0x0000000748700000|  0%| F|  |TAMS 0x0000000748600000, 0x0000000748600000| Untracked 
| 135|0x0000000748700000, 0x0000000748800000, 0x0000000748800000|100%|HS|  |TAMS 0x0000000748800000, 0x0000000748700000| Untracked 
| 136|0x0000000748800000, 0x0000000748800000, 0x0000000748900000|  0%| F|  |TAMS 0x0000000748800000, 0x0000000748800000| Untracked 
| 137|0x0000000748900000, 0x0000000748900000, 0x0000000748a00000|  0%| F|  |TAMS 0x0000000748900000, 0x0000000748900000| Untracked 
| 138|0x0000000748a00000, 0x0000000748a00000, 0x0000000748b00000|  0%| F|  |TAMS 0x0000000748a00000, 0x0000000748a00000| Untracked 
| 139|0x0000000748b00000, 0x0000000748b00000, 0x0000000748c00000|  0%| F|  |TAMS 0x0000000748b00000, 0x0000000748b00000| Untracked 
| 140|0x0000000748c00000, 0x0000000748c00000, 0x0000000748d00000|  0%| F|  |TAMS 0x0000000748c00000, 0x0000000748c00000| Untracked 
| 141|0x0000000748d00000, 0x0000000748d00000, 0x0000000748e00000|  0%| F|  |TAMS 0x0000000748d00000, 0x0000000748d00000| Untracked 
| 142|0x0000000748e00000, 0x0000000748e00000, 0x0000000748f00000|  0%| F|  |TAMS 0x0000000748e00000, 0x0000000748e00000| Untracked 
| 143|0x0000000748f00000, 0x0000000748f00000, 0x0000000749000000|  0%| F|  |TAMS 0x0000000748f00000, 0x0000000748f00000| Untracked 
| 144|0x0000000749000000, 0x0000000749000000, 0x0000000749100000|  0%| F|  |TAMS 0x0000000749000000, 0x0000000749000000| Untracked 
| 145|0x0000000749100000, 0x0000000749100000, 0x0000000749200000|  0%| F|  |TAMS 0x0000000749100000, 0x0000000749100000| Untracked 
| 146|0x0000000749200000, 0x0000000749200000, 0x0000000749300000|  0%| F|  |TAMS 0x0000000749200000, 0x0000000749200000| Untracked 
| 147|0x0000000749300000, 0x0000000749300000, 0x0000000749400000|  0%| F|  |TAMS 0x0000000749300000, 0x0000000749300000| Untracked 
| 148|0x0000000749400000, 0x0000000749400000, 0x0000000749500000|  0%| F|  |TAMS 0x0000000749400000, 0x0000000749400000| Untracked 
| 149|0x0000000749500000, 0x0000000749500000, 0x0000000749600000|  0%| F|  |TAMS 0x0000000749500000, 0x0000000749500000| Untracked 
| 150|0x0000000749600000, 0x0000000749600000, 0x0000000749700000|  0%| F|  |TAMS 0x0000000749600000, 0x0000000749600000| Untracked 
| 151|0x0000000749700000, 0x0000000749700000, 0x0000000749800000|  0%| F|  |TAMS 0x0000000749700000, 0x0000000749700000| Untracked 
| 152|0x0000000749800000, 0x0000000749800000, 0x0000000749900000|  0%| F|  |TAMS 0x0000000749800000, 0x0000000749800000| Untracked 
| 153|0x0000000749900000, 0x0000000749900000, 0x0000000749a00000|  0%| F|  |TAMS 0x0000000749900000, 0x0000000749900000| Untracked 
| 154|0x0000000749a00000, 0x0000000749a00000, 0x0000000749b00000|  0%| F|  |TAMS 0x0000000749a00000, 0x0000000749a00000| Untracked 
| 155|0x0000000749b00000, 0x0000000749b00000, 0x0000000749c00000|  0%| F|  |TAMS 0x0000000749b00000, 0x0000000749b00000| Untracked 
| 156|0x0000000749c00000, 0x0000000749c00000, 0x0000000749d00000|  0%| F|  |TAMS 0x0000000749c00000, 0x0000000749c00000| Untracked 
| 157|0x0000000749d00000, 0x0000000749d00000, 0x0000000749e00000|  0%| F|  |TAMS 0x0000000749d00000, 0x0000000749d00000| Untracked 
| 158|0x0000000749e00000, 0x0000000749e00000, 0x0000000749f00000|  0%| F|  |TAMS 0x0000000749e00000, 0x0000000749e00000| Untracked 
| 159|0x0000000749f00000, 0x0000000749f00000, 0x000000074a000000|  0%| F|  |TAMS 0x0000000749f00000, 0x0000000749f00000| Untracked 
| 160|0x000000074a000000, 0x000000074a000000, 0x000000074a100000|  0%| F|  |TAMS 0x000000074a000000, 0x000000074a000000| Untracked 
| 161|0x000000074a100000, 0x000000074a100000, 0x000000074a200000|  0%| F|  |TAMS 0x000000074a100000, 0x000000074a100000| Untracked 
| 162|0x000000074a200000, 0x000000074a200000, 0x000000074a300000|  0%| F|  |TAMS 0x000000074a200000, 0x000000074a200000| Untracked 
| 163|0x000000074a300000, 0x000000074a300000, 0x000000074a400000|  0%| F|  |TAMS 0x000000074a300000, 0x000000074a300000| Untracked 
| 164|0x000000074a400000, 0x000000074a400000, 0x000000074a500000|  0%| F|  |TAMS 0x000000074a400000, 0x000000074a400000| Untracked 
| 165|0x000000074a500000, 0x000000074a500000, 0x000000074a600000|  0%| F|  |TAMS 0x000000074a500000, 0x000000074a500000| Untracked 
| 166|0x000000074a600000, 0x000000074a600000, 0x000000074a700000|  0%| F|  |TAMS 0x000000074a600000, 0x000000074a600000| Untracked 
| 167|0x000000074a700000, 0x000000074a700000, 0x000000074a800000|  0%| F|  |TAMS 0x000000074a700000, 0x000000074a700000| Untracked 
| 168|0x000000074a800000, 0x000000074a800000, 0x000000074a900000|  0%| F|  |TAMS 0x000000074a800000, 0x000000074a800000| Untracked 
| 169|0x000000074a900000, 0x000000074a900000, 0x000000074aa00000|  0%| F|  |TAMS 0x000000074a900000, 0x000000074a900000| Untracked 
| 170|0x000000074aa00000, 0x000000074aa00000, 0x000000074ab00000|  0%| F|  |TAMS 0x000000074aa00000, 0x000000074aa00000| Untracked 
| 171|0x000000074ab00000, 0x000000074abde088, 0x000000074ac00000| 86%| S|CS|TAMS 0x000000074ab00000, 0x000000074ab00000| Complete 
| 172|0x000000074ac00000, 0x000000074ad00000, 0x000000074ad00000|100%| S|CS|TAMS 0x000000074ac00000, 0x000000074ac00000| Complete 
| 173|0x000000074ad00000, 0x000000074ae00000, 0x000000074ae00000|100%| S|CS|TAMS 0x000000074ad00000, 0x000000074ad00000| Complete 
| 174|0x000000074ae00000, 0x000000074ae00000, 0x000000074af00000|  0%| F|  |TAMS 0x000000074ae00000, 0x000000074ae00000| Untracked 
| 175|0x000000074af00000, 0x000000074af00000, 0x000000074b000000|  0%| F|  |TAMS 0x000000074af00000, 0x000000074af00000| Untracked 
| 176|0x000000074b000000, 0x000000074b000000, 0x000000074b100000|  0%| F|  |TAMS 0x000000074b000000, 0x000000074b000000| Untracked 
| 177|0x000000074b100000, 0x000000074b100000, 0x000000074b200000|  0%| F|  |TAMS 0x000000074b100000, 0x000000074b100000| Untracked 
| 178|0x000000074b200000, 0x000000074b246948, 0x000000074b300000| 27%| E|  |TAMS 0x000000074b200000, 0x000000074b200000| Complete 
| 179|0x000000074b300000, 0x000000074b400000, 0x000000074b400000|100%| E|CS|TAMS 0x000000074b300000, 0x000000074b300000| Complete 
| 180|0x000000074b400000, 0x000000074b500000, 0x000000074b500000|100%| E|CS|TAMS 0x000000074b400000, 0x000000074b400000| Complete 
| 181|0x000000074b500000, 0x000000074b600000, 0x000000074b600000|100%| E|CS|TAMS 0x000000074b500000, 0x000000074b500000| Complete 
| 182|0x000000074b600000, 0x000000074b700000, 0x000000074b700000|100%| E|CS|TAMS 0x000000074b600000, 0x000000074b600000| Complete 
| 183|0x000000074b700000, 0x000000074b800000, 0x000000074b800000|100%| E|CS|TAMS 0x000000074b700000, 0x000000074b700000| Complete 
| 184|0x000000074b800000, 0x000000074b900000, 0x000000074b900000|100%| E|CS|TAMS 0x000000074b800000, 0x000000074b800000| Complete 
| 185|0x000000074b900000, 0x000000074ba00000, 0x000000074ba00000|100%| E|CS|TAMS 0x000000074b900000, 0x000000074b900000| Complete 
| 186|0x000000074ba00000, 0x000000074bb00000, 0x000000074bb00000|100%| E|CS|TAMS 0x000000074ba00000, 0x000000074ba00000| Complete 
| 187|0x000000074bb00000, 0x000000074bc00000, 0x000000074bc00000|100%| E|CS|TAMS 0x000000074bb00000, 0x000000074bb00000| Complete 
| 188|0x000000074bc00000, 0x000000074bd00000, 0x000000074bd00000|100%| E|CS|TAMS 0x000000074bc00000, 0x000000074bc00000| Complete 
| 189|0x000000074bd00000, 0x000000074be00000, 0x000000074be00000|100%| E|CS|TAMS 0x000000074bd00000, 0x000000074bd00000| Complete 
| 190|0x000000074be00000, 0x000000074bf00000, 0x000000074bf00000|100%| E|CS|TAMS 0x000000074be00000, 0x000000074be00000| Complete 
| 191|0x000000074bf00000, 0x000000074c000000, 0x000000074c000000|100%| E|CS|TAMS 0x000000074bf00000, 0x000000074bf00000| Complete 
| 192|0x000000074c000000, 0x000000074c100000, 0x000000074c100000|100%| E|CS|TAMS 0x000000074c000000, 0x000000074c000000| Complete 
| 193|0x000000074c100000, 0x000000074c200000, 0x000000074c200000|100%| E|CS|TAMS 0x000000074c100000, 0x000000074c100000| Complete 
| 194|0x000000074c200000, 0x000000074c300000, 0x000000074c300000|100%| E|CS|TAMS 0x000000074c200000, 0x000000074c200000| Complete 
| 195|0x000000074c300000, 0x000000074c400000, 0x000000074c400000|100%| E|CS|TAMS 0x000000074c300000, 0x000000074c300000| Complete 
| 196|0x000000074c400000, 0x000000074c500000, 0x000000074c500000|100%| E|CS|TAMS 0x000000074c400000, 0x000000074c400000| Complete 
| 197|0x000000074c500000, 0x000000074c600000, 0x000000074c600000|100%| E|CS|TAMS 0x000000074c500000, 0x000000074c500000| Complete 
| 198|0x000000074c600000, 0x000000074c700000, 0x000000074c700000|100%| E|CS|TAMS 0x000000074c600000, 0x000000074c600000| Complete 
| 199|0x000000074c700000, 0x000000074c800000, 0x000000074c800000|100%| E|CS|TAMS 0x000000074c700000, 0x000000074c700000| Complete 
| 200|0x000000074c800000, 0x000000074c900000, 0x000000074c900000|100%| E|CS|TAMS 0x000000074c800000, 0x000000074c800000| Complete 
| 201|0x000000074c900000, 0x000000074ca00000, 0x000000074ca00000|100%| E|CS|TAMS 0x000000074c900000, 0x000000074c900000| Complete 
| 202|0x000000074ca00000, 0x000000074cb00000, 0x000000074cb00000|100%| E|CS|TAMS 0x000000074ca00000, 0x000000074ca00000| Complete 
| 203|0x000000074cb00000, 0x000000074cc00000, 0x000000074cc00000|100%| E|CS|TAMS 0x000000074cb00000, 0x000000074cb00000| Complete 
| 204|0x000000074cc00000, 0x000000074cd00000, 0x000000074cd00000|100%| E|CS|TAMS 0x000000074cc00000, 0x000000074cc00000| Complete 
| 205|0x000000074cd00000, 0x000000074ce00000, 0x000000074ce00000|100%| E|CS|TAMS 0x000000074cd00000, 0x000000074cd00000| Complete 
| 206|0x000000074ce00000, 0x000000074cf00000, 0x000000074cf00000|100%| E|CS|TAMS 0x000000074ce00000, 0x000000074ce00000| Complete 
| 207|0x000000074cf00000, 0x000000074d000000, 0x000000074d000000|100%| E|CS|TAMS 0x000000074cf00000, 0x000000074cf00000| Complete 
| 208|0x000000074d000000, 0x000000074d100000, 0x000000074d100000|100%| E|CS|TAMS 0x000000074d000000, 0x000000074d000000| Complete 
| 209|0x000000074d100000, 0x000000074d200000, 0x000000074d200000|100%| E|CS|TAMS 0x000000074d100000, 0x000000074d100000| Complete 
| 210|0x000000074d200000, 0x000000074d300000, 0x000000074d300000|100%| E|CS|TAMS 0x000000074d200000, 0x000000074d200000| Complete 
| 211|0x000000074d300000, 0x000000074d400000, 0x000000074d400000|100%| E|CS|TAMS 0x000000074d300000, 0x000000074d300000| Complete 
| 212|0x000000074d400000, 0x000000074d500000, 0x000000074d500000|100%| E|CS|TAMS 0x000000074d400000, 0x000000074d400000| Complete 
| 213|0x000000074d500000, 0x000000074d600000, 0x000000074d600000|100%| E|CS|TAMS 0x000000074d500000, 0x000000074d500000| Complete 
| 214|0x000000074d600000, 0x000000074d700000, 0x000000074d700000|100%| E|CS|TAMS 0x000000074d600000, 0x000000074d600000| Complete 
| 215|0x000000074d700000, 0x000000074d800000, 0x000000074d800000|100%| E|CS|TAMS 0x000000074d700000, 0x000000074d700000| Complete 
| 216|0x000000074d800000, 0x000000074d900000, 0x000000074d900000|100%| E|CS|TAMS 0x000000074d800000, 0x000000074d800000| Complete 
| 217|0x000000074d900000, 0x000000074da00000, 0x000000074da00000|100%| E|CS|TAMS 0x000000074d900000, 0x000000074d900000| Complete 
| 218|0x000000074da00000, 0x000000074db00000, 0x000000074db00000|100%| E|CS|TAMS 0x000000074da00000, 0x000000074da00000| Complete 
| 219|0x000000074db00000, 0x000000074dc00000, 0x000000074dc00000|100%| E|CS|TAMS 0x000000074db00000, 0x000000074db00000| Complete 
| 220|0x000000074dc00000, 0x000000074dd00000, 0x000000074dd00000|100%| E|CS|TAMS 0x000000074dc00000, 0x000000074dc00000| Complete 
| 221|0x000000074dd00000, 0x000000074de00000, 0x000000074de00000|100%| E|CS|TAMS 0x000000074dd00000, 0x000000074dd00000| Complete 
| 222|0x000000074de00000, 0x000000074df00000, 0x000000074df00000|100%| E|CS|TAMS 0x000000074de00000, 0x000000074de00000| Complete 
| 223|0x000000074df00000, 0x000000074e000000, 0x000000074e000000|100%| E|CS|TAMS 0x000000074df00000, 0x000000074df00000| Complete 
| 224|0x000000074e000000, 0x000000074e100000, 0x000000074e100000|100%| E|CS|TAMS 0x000000074e000000, 0x000000074e000000| Complete 
| 225|0x000000074e100000, 0x000000074e200000, 0x000000074e200000|100%| E|CS|TAMS 0x000000074e100000, 0x000000074e100000| Complete 
| 226|0x000000074e200000, 0x000000074e300000, 0x000000074e300000|100%| E|CS|TAMS 0x000000074e200000, 0x000000074e200000| Complete 
| 227|0x000000074e300000, 0x000000074e400000, 0x000000074e400000|100%| E|CS|TAMS 0x000000074e300000, 0x000000074e300000| Complete 
| 228|0x000000074e400000, 0x000000074e500000, 0x000000074e500000|100%| E|CS|TAMS 0x000000074e400000, 0x000000074e400000| Complete 
| 229|0x000000074e500000, 0x000000074e600000, 0x000000074e600000|100%| E|CS|TAMS 0x000000074e500000, 0x000000074e500000| Complete 
| 230|0x000000074e600000, 0x000000074e700000, 0x000000074e700000|100%| E|CS|TAMS 0x000000074e600000, 0x000000074e600000| Complete 
| 231|0x000000074e700000, 0x000000074e800000, 0x000000074e800000|100%| E|CS|TAMS 0x000000074e700000, 0x000000074e700000| Complete 
| 232|0x000000074e800000, 0x000000074e900000, 0x000000074e900000|100%| E|CS|TAMS 0x000000074e800000, 0x000000074e800000| Complete 
| 233|0x000000074e900000, 0x000000074ea00000, 0x000000074ea00000|100%| E|CS|TAMS 0x000000074e900000, 0x000000074e900000| Complete 

Card table byte_map: [0x0000028df9f40000,0x0000028dfa540000] _byte_map_base: 0x0000028df6540000

Marking Bits (Prev, Next): (CMBitMap*) 0x0000028df81c9968, (CMBitMap*) 0x0000028df81c99a0
 Prev Bits: [0x0000028dfab40000, 0x0000028dfdb40000)
 Next Bits: [0x0000028d97240000, 0x0000028d9a240000)

Polling page: 0x0000028de85c0000

Metaspace:

Usage:
  Non-class:     97.09 MB capacity,    95.96 MB ( 99%) used,   852.71 KB ( <1%) free+waste,   301.75 KB ( <1%) overhead. 
      Class:     15.94 MB capacity,    15.05 MB ( 94%) used,   765.63 KB (  5%) free+waste,   138.81 KB ( <1%) overhead. 
       Both:    113.02 MB capacity,   111.01 MB ( 98%) used,     1.58 MB (  1%) free+waste,   440.56 KB ( <1%) overhead. 

Virtual space:
  Non-class space:      100.00 MB reserved,      99.00 MB (>99%) committed 
      Class space:        1.00 GB reserved,      16.95 MB (  2%) committed 
             Both:        1.10 GB reserved,     115.95 MB ( 10%) committed 

Chunk freelists:
   Non-Class:  221.38 KB
       Class:  124.00 KB
        Both:  345.38 KB

CodeHeap 'non-profiled nmethods': size=120000Kb used=33134Kb max_used=33134Kb free=86865Kb
 bounds [0x0000028d8fd10000, 0x0000028d91d80000, 0x0000028d97240000]
CodeHeap 'profiled nmethods': size=120000Kb used=53001Kb max_used=53001Kb free=66998Kb
 bounds [0x0000028d887e0000, 0x0000028d8bc20000, 0x0000028d8fd10000]
CodeHeap 'non-nmethods': size=5760Kb used=1930Kb max_used=1991Kb free=3830Kb
 bounds [0x0000028d88240000, 0x0000028d884b0000, 0x0000028d887e0000]
 total_blobs=46569 nmethods=22648 adapters=1518
 compilation: enabled
              stopped_count=0, restarted_count=0
 full_count=0

Compilation events (10 events):
Event: 6868.518 Thread 0x0000028df7b2b000 30877       4       javax.swing.plaf.basic.BasicScrollBarUI::layoutHScrollbar (646 bytes)
Event: 6868.541 Thread 0x0000028df7b2b000 nmethod 30877 0x0000028d91d6d890 code [0x0000028d91d6dba0, 0x0000028d91d6ef60]
Event: 6868.789 Thread 0x0000028df197a000 30878       3       ui.views.systembuilder.iH::mouseMoved (136 bytes)
Event: 6868.790 Thread 0x0000028df197a000 nmethod 30878 0x0000028d8bc12f90 code [0x0000028d8bc13260, 0x0000028d8bc142a0]
Event: 6869.362 Thread 0x0000028df7b2b000 30879       4       ui.views.systembuilder.hv::arY (24 bytes)
Event: 6869.379 Thread 0x0000028df7b2b000 nmethod 30879 0x0000028d91d70410 code [0x0000028d91d70620, 0x0000028d91d71110]
Event: 6869.614 Thread 0x0000028df197a000 30880       3       ui.utils.e.h::aci (41 bytes)
Event: 6869.615 Thread 0x0000028df197a000 nmethod 30880 0x0000028d8bc14790 code [0x0000028d8bc14a80, 0x0000028d8bc15a80]
Event: 6869.721 Thread 0x0000028df7b2b000 30881       4       org.jdesktop.swingx.JXTree$DelegatingRenderer::getTreeCellRendererComponent (75 bytes)
Event: 6869.738 Thread 0x0000028df7b2b000 nmethod 30881 0x0000028d91d71a90 code [0x0000028d91d71ce0, 0x0000028d91d729c0]

GC Heap History (10 events):
Event: 6851.727 GC heap before
{Heap before GC invocations=766 (full 15):
 garbage-first heap   total 239616K, used 187733K [0x0000000740000000, 0x0000000800000000)
  region size 1024K, 60 young (61440K), 2 survivors (2048K)
 Metaspace       used 113486K, capacity 115500K, committed 118480K, reserved 1150976K
  class space    used 15381K, capacity 16264K, committed 17356K, reserved 1048576K
}
Event: 6851.729 GC heap after
{Heap after GC invocations=767 (full 15):
 garbage-first heap   total 239616K, used 129503K [0x0000000740000000, 0x0000000800000000)
  region size 1024K, 3 young (3072K), 3 survivors (3072K)
 Metaspace       used 113486K, capacity 115500K, committed 118480K, reserved 1150976K
  class space    used 15381K, capacity 16264K, committed 17356K, reserved 1048576K
}
Event: 6859.896 GC heap before
{Heap before GC invocations=768 (full 15):
 garbage-first heap   total 239616K, used 187871K [0x0000000740000000, 0x0000000800000000)
  region size 1024K, 60 young (61440K), 3 survivors (3072K)
 Metaspace       used 113487K, capacity 115500K, committed 118480K, reserved 1150976K
  class space    used 15381K, capacity 16264K, committed 17356K, reserved 1048576K
}
Event: 6859.899 GC heap after
{Heap after GC invocations=769 (full 15):
 garbage-first heap   total 239616K, used 128620K [0x0000000740000000, 0x0000000800000000)
  region size 1024K, 2 young (2048K), 2 survivors (2048K)
 Metaspace       used 113487K, capacity 115500K, committed 118480K, reserved 1150976K
  class space    used 15381K, capacity 16264K, committed 17356K, reserved 1048576K
}
Event: 6867.487 GC heap before
{Heap before GC invocations=769 (full 15):
 garbage-first heap   total 239616K, used 188012K [0x0000000740000000, 0x0000000800000000)
  region size 1024K, 60 young (61440K), 2 survivors (2048K)
 Metaspace       used 113669K, capacity 115737K, committed 118736K, reserved 1150976K
  class space    used 15415K, capacity 16320K, committed 17356K, reserved 1048576K
}
Event: 6867.491 GC heap after
{Heap after GC invocations=770 (full 15):
 garbage-first heap   total 239616K, used 129076K [0x0000000740000000, 0x0000000800000000)
  region size 1024K, 2 young (2048K), 2 survivors (2048K)
 Metaspace       used 113669K, capacity 115737K, committed 118736K, reserved 1150976K
  class space    used 15415K, capacity 16320K, committed 17356K, reserved 1048576K
}
Event: 6867.962 GC heap before
{Heap before GC invocations=771 (full 15):
 garbage-first heap   total 239616K, used 188468K [0x0000000740000000, 0x0000000800000000)
  region size 1024K, 60 young (61440K), 2 survivors (2048K)
 Metaspace       used 113678K, capacity 115737K, committed 118736K, reserved 1150976K
  class space    used 15415K, capacity 16320K, committed 17356K, reserved 1048576K
}
Event: 6867.966 GC heap after
{Heap after GC invocations=772 (full 15):
 garbage-first heap   total 239616K, used 129153K [0x0000000740000000, 0x0000000800000000)
  region size 1024K, 2 young (2048K), 2 survivors (2048K)
 Metaspace       used 113678K, capacity 115737K, committed 118736K, reserved 1150976K
  class space    used 15415K, capacity 16320K, committed 17356K, reserved 1048576K
}
Event: 6869.595 GC heap before
{Heap before GC invocations=772 (full 15):
 garbage-first heap   total 239616K, used 188545K [0x0000000740000000, 0x0000000800000000)
  region size 1024K, 60 young (61440K), 2 survivors (2048K)
 Metaspace       used 113678K, capacity 115737K, committed 118736K, reserved 1150976K
  class space    used 15415K, capacity 16320K, committed 17356K, reserved 1048576K
}
Event: 6869.598 GC heap after
{Heap after GC invocations=773 (full 15):
 garbage-first heap   total 239616K, used 130065K [0x0000000740000000, 0x0000000800000000)
  region size 1024K, 3 young (3072K), 3 survivors (3072K)
 Metaspace       used 113678K, capacity 115737K, committed 118736K, reserved 1150976K
  class space    used 15415K, capacity 16320K, committed 17356K, reserved 1048576K
}

Deoptimization events (10 events):
Event: 6848.202 Thread 0x0000028d9b8be800 Uncommon trap: reason=unstable_if action=reinterpret pc=0x0000028d90f0efdc method=com.jidesoft.plaf.basic.BasicStyledLabelUI.addStyledTexts(Ljava/lang/String;Lcom/jidesoft/swing/StyleRange;Lcom/jidesoft/swing/StyledLabel;)V @ 32 c2
Event: 6848.202 Thread 0x0000028d9b8be800 Uncommon trap: reason=unstable_if action=reinterpret pc=0x0000028d91a7a794 method=com.jidesoft.plaf.basic.BasicStyledLabelUI.getPreferredSize(Lcom/jidesoft/swing/StyledLabel;)Ljava/awt/Dimension; @ 424 c2
Event: 6848.202 Thread 0x0000028d9b8be800 Uncommon trap: reason=unstable_if action=reinterpret pc=0x0000028d91a93690 method=com.jidesoft.plaf.basic.BasicStyledLabelUI.getLayoutWidth(Lcom/jidesoft/swing/StyledLabel;I)I @ 95 c2
Event: 6848.206 Thread 0x0000028d9b8be800 Uncommon trap: reason=unstable_if action=reinterpret pc=0x0000028d91b74e08 method=com.jidesoft.plaf.basic.BasicStyledLabelUI.internalPaintStyledText(Lcom/jidesoft/swing/StyledLabel;Ljava/awt/Graphics;III)I @ 713 c2
Event: 6848.207 Thread 0x0000028d9b8be800 Uncommon trap: reason=unstable_if action=reinterpret pc=0x0000028d90ffc6c0 method=java.awt.Rectangle.setRect(DDDD)V @ 29 c2
Event: 6848.207 Thread 0x0000028d9b8be800 Uncommon trap: reason=unstable_if action=reinterpret pc=0x0000028d91395d30 method=javax.swing.plaf.basic.BasicProgressBarUI.getBox(Ljava/awt/Rectangle;)Ljava/awt/Rectangle; @ 25 c2
Event: 6853.817 Thread 0x0000028d9b8be800 Uncommon trap: reason=unstable_if action=reinterpret pc=0x0000028d91d577f0 method=com.jidesoft.grid.CellStyleTableHeader.customizeRendererComponent(Ljava/awt/Component;IILjava/awt/Rectangle;)V @ 41 c2
Event: 6866.081 Thread 0x0000028d9b8be800 Uncommon trap: reason=profile_predicate action=maybe_recompile pc=0x0000028d91cd4830 method=ui.dlg.c.b.B.a(Lui/frmwork/a/a;)V @ 149 c2
Event: 6866.082 Thread 0x0000028d9b8be800 Uncommon trap: reason=profile_predicate action=maybe_recompile pc=0x0000028d91cd4830 method=ui.dlg.c.b.B.a(Lui/frmwork/a/a;)V @ 149 c2
Event: 6867.455 Thread 0x0000028d9b8be800 Uncommon trap: reason=unstable_if action=reinterpret pc=0x0000028d91cd6bb0 method=ui.views.systembuilder.iH.mouseMoved(Ljava/awt/event/MouseEvent;)V @ 20 c2

Classes redefined (0 events):
No events

Internal exceptions (10 events):
Event: 6801.113 Thread 0x0000028d9b8be800 Exception <a 'de/concept/nlview/NlviewException'{0x000000074baeb8c0}> (0x000000074baeb8c0) thrown at [t:/workspace/open/src/hotspot/share/prims/jni.cpp, line 615]
Event: 6851.740 Thread 0x0000028dc2710000 Exception <a 'java/lang/InterruptedException'{0x000000074e4a1758}: sleep interrupted> (0x000000074e4a1758) thrown at [t:/workspace/open/src/hotspot/share/prims/jvm.cpp, line 3091]
Event: 6867.676 Thread 0x0000028d9b8be800 Exception <a 'de/concept/nlview/NlviewException'{0x000000074e337250}> (0x000000074e337250) thrown at [t:/workspace/open/src/hotspot/share/prims/jni.cpp, line 615]
Event: 6867.676 Thread 0x0000028d9b8be800 Exception <a 'de/concept/nlview/NlviewException'{0x000000074e33a0c8}> (0x000000074e33a0c8) thrown at [t:/workspace/open/src/hotspot/share/prims/jni.cpp, line 615]
Event: 6867.676 Thread 0x0000028d9b8be800 Exception <a 'de/concept/nlview/NlviewException'{0x000000074e33cdd0}> (0x000000074e33cdd0) thrown at [t:/workspace/open/src/hotspot/share/prims/jni.cpp, line 615]
Event: 6867.676 Thread 0x0000028d9b8be800 Exception <a 'de/concept/nlview/NlviewException'{0x000000074e33fc48}> (0x000000074e33fc48) thrown at [t:/workspace/open/src/hotspot/share/prims/jni.cpp, line 615]
Event: 6867.676 Thread 0x0000028d9b8be800 Exception <a 'de/concept/nlview/NlviewException'{0x000000074e342950}> (0x000000074e342950) thrown at [t:/workspace/open/src/hotspot/share/prims/jni.cpp, line 615]
Event: 6867.676 Thread 0x0000028d9b8be800 Exception <a 'de/concept/nlview/NlviewException'{0x000000074e3457c8}> (0x000000074e3457c8) thrown at [t:/workspace/open/src/hotspot/share/prims/jni.cpp, line 615]
Event: 6867.683 Thread 0x0000028d9b8be800 Exception <a 'de/concept/nlview/NlviewException'{0x000000074e21c3b8}> (0x000000074e21c3b8) thrown at [t:/workspace/open/src/hotspot/share/prims/jni.cpp, line 615]
Event: 6869.777 Thread 0x0000028dc2710000 Exception <a 'java/lang/InterruptedException'{0x000000074e29c9a0}: sleep interrupted> (0x000000074e29c9a0) thrown at [t:/workspace/open/src/hotspot/share/prims/jvm.cpp, line 3091]

Events (10 events):
Event: 6869.595 Executing VM operation: G1CollectForAllocation
Event: 6869.599 Executing VM operation: G1CollectForAllocation done
Event: 6869.653 Thread 0x0000028dc2715000 Thread added: 0x0000028dc2715000
Event: 6869.708 Executing VM operation: CGC_Operation
Event: 6869.717 Executing VM operation: CGC_Operation done
Event: 6869.746 Thread 0x0000028dc2715000 Thread exited: 0x0000028dc2715000
Event: 6869.747 Executing VM operation: RevokeBias
Event: 6869.748 Executing VM operation: RevokeBias done
Event: 6869.783 Executing VM operation: CGC_Operation
Event: 6869.783 Executing VM operation: CGC_Operation done


Dynamic libraries:
0x00007ff7dd6b0000 - 0x00007ff7dd6df000 	D:\Escuela\Universidad\Logiciels\Xilinx\Vivado\2020.2\bin\unwrapped\win64.o\vivado.exe
0x00007ff9f7ef0000 - 0x00007ff9f80e5000 	C:\WINDOWS\SYSTEM32\ntdll.dll
0x00007ff9f62a0000 - 0x00007ff9f635d000 	C:\WINDOWS\System32\KERNEL32.DLL
0x00007ff9f5630000 - 0x00007ff9f58f9000 	C:\WINDOWS\System32\KERNELBASE.dll
0x00007ff9f59f0000 - 0x00007ff9f5af0000 	C:\WINDOWS\System32\ucrtbase.dll
0x00007ff9e3540000 - 0x00007ff9e35d1000 	C:\WINDOWS\SYSTEM32\MSVCP140.dll
0x00007ff9edbd0000 - 0x00007ff9edbe8000 	D:\Escuela\Universidad\Logiciels\Xilinx\Vivado\2020.2\lib\win64.o\librdi_commonmain.dll
0x00007ff9ed8b0000 - 0x00007ff9ed8c3000 	D:\Escuela\Universidad\Logiciels\Xilinx\Vivado\2020.2\lib\win64.o\libboost_signals.dll
0x00007ff9e4440000 - 0x00007ff9e4459000 	C:\WINDOWS\SYSTEM32\VCRUNTIME140.dll
0x00007ff9e4460000 - 0x00007ff9e446c000 	C:\WINDOWS\SYSTEM32\VCRUNTIME140_1.dll
0x00007ff9e3b60000 - 0x00007ff9e3b82000 	D:\Escuela\Universidad\Logiciels\Xilinx\Vivado\2020.2\lib\win64.o\libboost_filesystem.dll
0x00007ff9f7d50000 - 0x00007ff9f7dfc000 	C:\WINDOWS\System32\ADVAPI32.dll
0x00007ff9edc70000 - 0x00007ff9edc79000 	D:\Escuela\Universidad\Logiciels\Xilinx\Vivado\2020.2\lib\win64.o\librdi_commonversion.dll
0x00007ff9f6b20000 - 0x00007ff9f6bbe000 	C:\WINDOWS\System32\msvcrt.dll
0x00007ff9f6f30000 - 0x00007ff9f6fcb000 	C:\WINDOWS\System32\sechost.dll
0x00007ff9f6040000 - 0x00007ff9f616a000 	C:\WINDOWS\System32\RPCRT4.dll
0x00007ff9c32a0000 - 0x00007ff9c3439000 	D:\Escuela\Universidad\Logiciels\Xilinx\Vivado\2020.2\lib\win64.o\librdi_commonxillic.dll
0x00007ff9f6d90000 - 0x00007ff9f6f30000 	C:\WINDOWS\System32\USER32.dll
0x00007ff9f5b70000 - 0x00007ff9f5b92000 	C:\WINDOWS\System32\win32u.dll
0x00007ff9f6400000 - 0x00007ff9f642a000 	C:\WINDOWS\System32\GDI32.dll
0x00007ff9f5ba0000 - 0x00007ff9f5cab000 	C:\WINDOWS\System32\gdi32full.dll
0x00007ff9f5e10000 - 0x00007ff9f5ead000 	C:\WINDOWS\System32\msvcp_win.dll
0x00007ff9f7c10000 - 0x00007ff9f7c7b000 	C:\WINDOWS\System32\WS2_32.dll
0x00007ff9f5af0000 - 0x00007ff9f5b17000 	C:\WINDOWS\System32\bcrypt.dll
0x00007ff9edbc0000 - 0x00007ff9edbc9000 	D:\Escuela\Universidad\Logiciels\Xilinx\Vivado\2020.2\lib\win64.o\libboost_system.dll
0x0000000057c90000 - 0x0000000057dbb000 	D:\Escuela\Universidad\Logiciels\Xilinx\Vivado\2020.2\lib\win64.o\tcl85t.dll
0x00007ff9951e0000 - 0x00007ff996357000 	D:\Escuela\Universidad\Logiciels\Xilinx\Vivado\2020.2\lib\win64.o\librdi_common.dll
0x00007ff9f70e0000 - 0x00007ff9f781f000 	C:\WINDOWS\System32\SHELL32.dll
0x00007ff9b1350000 - 0x00007ff9b162b000 	D:\Escuela\Universidad\Logiciels\Xilinx\Vivado\2020.2\lib\win64.o\libXil_lmgr11.dll
0x00007ff9f5f60000 - 0x00007ff9f603a000 	C:\WINDOWS\System32\COMDLG32.dll
0x00007ff9f78b0000 - 0x00007ff9f7c05000 	C:\WINDOWS\System32\combase.dll
0x00007ff9f7e00000 - 0x00007ff9f7eae000 	C:\WINDOWS\System32\shcore.dll
0x00007ff9f6a90000 - 0x00007ff9f6ae5000 	C:\WINDOWS\System32\SHLWAPI.dll
0x00007ff9f7c80000 - 0x00007ff9f7d4d000 	C:\WINDOWS\System32\OLEAUT32.dll
0x00007ff9f6170000 - 0x00007ff9f629a000 	C:\WINDOWS\System32\ole32.dll
0x00007ff9f5990000 - 0x00007ff9f59f0000 	C:\WINDOWS\System32\WINTRUST.dll
0x00007ff994070000 - 0x00007ff9943de000 	D:\Escuela\Universidad\Logiciels\Xilinx\Vivado\2020.2\lib\win64.o\libCOIN-all.dll
0x00007ff9f5cb0000 - 0x00007ff9f5e0f000 	C:\WINDOWS\System32\CRYPT32.dll
0x00007ff9edba0000 - 0x00007ff9edbb0000 	D:\Escuela\Universidad\Logiciels\Xilinx\Vivado\2020.2\lib\win64.o\libboost_date_time.dll
0x00007ff9c3180000 - 0x00007ff9c3291000 	D:\Escuela\Universidad\Logiciels\Xilinx\Vivado\2020.2\lib\win64.o\libboost_regex.dll
0x00007ff9943e0000 - 0x00007ff9951d2600 	D:\Escuela\Universidad\Logiciels\Xilinx\Vivado\2020.2\lib\win64.o\libisl_iostreams.dll
0x00007ff9c5bd0000 - 0x00007ff9c5c43000 	D:\Escuela\Universidad\Logiciels\Xilinx\Vivado\2020.2\lib\win64.o\libboost_program_options.dll
0x00007ff9ec050000 - 0x00007ff9ec06e000 	D:\Escuela\Universidad\Logiciels\Xilinx\Vivado\2020.2\lib\win64.o\libboost_thread.dll
0x00007ff9ec140000 - 0x00007ff9ec14c000 	D:\Escuela\Universidad\Logiciels\Xilinx\Vivado\2020.2\lib\win64.o\libboost_xilinx.dll
0x00007ff9c5a40000 - 0x00007ff9c5ac2000 	D:\Escuela\Universidad\Logiciels\Xilinx\Vivado\2020.2\lib\win64.o\libhdlpsolve.dll
0x00007ff9c4c60000 - 0x00007ff9c4d05000 	D:\Escuela\Universidad\Logiciels\Xilinx\Vivado\2020.2\lib\win64.o\libhdxml.dll
0x00007ff9e3650000 - 0x00007ff9e3678000 	D:\Escuela\Universidad\Logiciels\Xilinx\Vivado\2020.2\lib\win64.o\libisl_sysinfo.dll
0x00007ff9c9e30000 - 0x00007ff9c9e95000 	D:\Escuela\Universidad\Logiciels\Xilinx\Vivado\2020.2\lib\win64.o\liblmx6.0.dll
0x00007ff9eaa10000 - 0x00007ff9eaa2a000 	D:\Escuela\Universidad\Logiciels\Xilinx\Vivado\2020.2\lib\win64.o\pthreadVC2.dll
0x00007ff9e3aa0000 - 0x00007ff9e3abc000 	D:\Escuela\Universidad\Logiciels\Xilinx\Vivado\2020.2\lib\win64.o\librdiconfig.dll
0x00007ff9ded00000 - 0x00007ff9ded21000 	D:\Escuela\Universidad\Logiciels\Xilinx\Vivado\2020.2\lib\win64.o\librdizlib.dll
0x00007ff9e9180000 - 0x00007ff9e9198000 	C:\WINDOWS\SYSTEM32\NETAPI32.dll
0x0000000012000000 - 0x0000000012270000 	D:\Escuela\Universidad\Logiciels\Xilinx\Vivado\2020.2\lib\win64.o\xerces-c_3_1.dll
0x00007ff9e7350000 - 0x00007ff9e782d000 	C:\WINDOWS\SYSTEM32\WININET.dll
0x00007ff9eb040000 - 0x00007ff9eb14a000 	C:\WINDOWS\SYSTEM32\WINHTTP.dll
0x00007ff9e1e20000 - 0x00007ff9e200c000 	C:\WINDOWS\SYSTEM32\urlmon.dll
0x00007ff9eaf30000 - 0x00007ff9eaf39000 	C:\WINDOWS\SYSTEM32\WSOCK32.dll
0x00007ff9d7550000 - 0x00007ff9d757d000 	C:\WINDOWS\SYSTEM32\VCOMP140.DLL
0x00007ff992150000 - 0x00007ff994067000 	D:\Escuela\Universidad\Logiciels\Xilinx\Vivado\2020.2\lib\win64.o\gurobi90.dll
0x00007ff9ed7e0000 - 0x00007ff9ed890000 	C:\WINDOWS\WinSxS\amd64_microsoft.windows.common-controls_6595b64144ccf1df_5.82.19041.1110_none_792d1c772443f647\COMCTL32.dll
0x00007ff9f64a0000 - 0x00007ff9f64f6000 	C:\WINDOWS\System32\WLDAP32.dll
0x00007ff9f6d70000 - 0x00007ff9f6d78000 	C:\WINDOWS\System32\Normaliz.dll
0x00007ff9eebd0000 - 0x00007ff9eebed000 	C:\WINDOWS\SYSTEM32\dhcpcsvc.DLL
0x00007ff9df820000 - 0x00007ff9df836000 	D:\Escuela\Universidad\Logiciels\Xilinx\Vivado\2020.2\lib\win64.o\libboost_iostreams.dll
0x00007ff9d6440000 - 0x00007ff9d6463000 	D:\Escuela\Universidad\Logiciels\Xilinx\Vivado\2020.2\lib\win64.o\libisl_iosutils.dll
0x00007ff9e1010000 - 0x00007ff9e12c0000 	C:\WINDOWS\SYSTEM32\iertutil.dll
0x00007ff9f4b30000 - 0x00007ff9f4b3c000 	C:\WINDOWS\SYSTEM32\netutils.dll
0x00007ff9ebbd0000 - 0x00007ff9ebbdc000 	D:\Escuela\Universidad\Logiciels\Xilinx\Vivado\2020.2\lib\win64.o\libboost_chrono.dll
0x00007ff9e7180000 - 0x00007ff9e71a8000 	C:\WINDOWS\SYSTEM32\srvcli.dll
0x00007ff9f4d30000 - 0x00007ff9f4d9a000 	C:\WINDOWS\SYSTEM32\MSWSOCK.DLL
0x00007ff9f6af0000 - 0x00007ff9f6b20000 	C:\WINDOWS\System32\IMM32.DLL
0x00007ff9f51b0000 - 0x00007ff9f51c2000 	C:\WINDOWS\SYSTEM32\MSASN1.dll
0x00007ff9f4200000 - 0x00007ff9f4212000 	C:\WINDOWS\SYSTEM32\kernel.appcore.dll
0x00007ff991c20000 - 0x00007ff992142000 	D:\Escuela\Universidad\Logiciels\Xilinx\Vivado\2020.2\lib\win64.o\librdi_commontasks.dll
0x00007ff9f01a0000 - 0x00007ff9f01aa000 	C:\WINDOWS\SYSTEM32\VERSION.dll
0x00007ff991940000 - 0x00007ff991c15000 	D:\Escuela\Universidad\Logiciels\Xilinx\Vivado\2020.2\lib\win64.o\librdi_sio.dll
0x00007ff9f4a20000 - 0x00007ff9f4a5b000 	C:\WINDOWS\SYSTEM32\IPHLPAPI.DLL
0x00007ff990e10000 - 0x00007ff991933000 	D:\Escuela\Universidad\Logiciels\Xilinx\Vivado\2020.2\tps\win64\jre11.0.2\bin\server\jvm.dll
0x00007ff9f6d80000 - 0x00007ff9f6d88000 	C:\WINDOWS\System32\PSAPI.DLL
0x00007ff9f0e60000 - 0x00007ff9f0e87000 	C:\WINDOWS\SYSTEM32\WINMM.dll
0x00007ff9f3330000 - 0x00007ff9f3ac1000 	C:\WINDOWS\SYSTEM32\windows.storage.dll
0x00007ff9f4fd0000 - 0x00007ff9f4ffc000 	C:\WINDOWS\SYSTEM32\Wldp.dll
0x00007ff98e350000 - 0x00007ff990e0e000 	D:\Escuela\Universidad\Logiciels\Xilinx\Vivado\2020.2\lib\win64.o\librdi_tcltasks.dll
0x00007ff9c4690000 - 0x00007ff9c470e000 	D:\Escuela\Universidad\Logiciels\Xilinx\Vivado\2020.2\lib\win64.o\librdi_boarddep.dll
0x00007ff9be430000 - 0x00007ff9be526000 	D:\Escuela\Universidad\Logiciels\Xilinx\Vivado\2020.2\lib\win64.o\librdi_chipscope.dll
0x00007ff98e190000 - 0x00007ff98e343000 	D:\Escuela\Universidad\Logiciels\Xilinx\Vivado\2020.2\lib\win64.o\librdi_board.dll
0x00007ff98dce0000 - 0x00007ff98e186000 	D:\Escuela\Universidad\Logiciels\Xilinx\Vivado\2020.2\lib\win64.o\librdi_bitstream.dll
0x00007ff98daf0000 - 0x00007ff98dcda000 	D:\Escuela\Universidad\Logiciels\Xilinx\Vivado\2020.2\lib\win64.o\librdi_chipscopeimpl.dll
0x00007ff98bb50000 - 0x00007ff98bcb1000 	D:\Escuela\Universidad\Logiciels\Xilinx\Vivado\2020.2\lib\win64.o\librdi_containers.dll
0x00007ff989070000 - 0x00007ff989788000 	D:\Escuela\Universidad\Logiciels\Xilinx\Vivado\2020.2\lib\win64.o\librdi_coregenipxact.dll
0x00007ff98bcc0000 - 0x00007ff98daec000 	D:\Escuela\Universidad\Logiciels\Xilinx\Vivado\2020.2\lib\win64.o\librdi_constraints.dll
0x00007ff989790000 - 0x00007ff98bb4d000 	D:\Escuela\Universidad\Logiciels\Xilinx\Vivado\2020.2\lib\win64.o\librdi_coregen.dll
0x00007ff987300000 - 0x00007ff989061000 	D:\Escuela\Universidad\Logiciels\Xilinx\Vivado\2020.2\lib\win64.o\librdi_designutils.dll
0x00007ff96e9b0000 - 0x00007ff96ed18000 	D:\Escuela\Universidad\Logiciels\Xilinx\Vivado\2020.2\lib\win64.o\librdi_dlyest.dll
0x00007ff9c3cc0000 - 0x00007ff9c3d73000 	D:\Escuela\Universidad\Logiciels\Xilinx\Vivado\2020.2\lib\win64.o\librdi_dsp.dll
0x00007ff96ed20000 - 0x00007ff9872ff000 	D:\Escuela\Universidad\Logiciels\Xilinx\Vivado\2020.2\lib\win64.o\librdi_device.dll
0x00007ff96d960000 - 0x00007ff96dc7d000 	D:\Escuela\Universidad\Logiciels\Xilinx\Vivado\2020.2\lib\win64.o\librdi_guitools.dll
0x00007ff9c42a0000 - 0x00007ff9c430b000 	D:\Escuela\Universidad\Logiciels\Xilinx\Vivado\2020.2\lib\win64.o\librdi_hdf.dll
0x00007ff96d6e0000 - 0x00007ff96d957000 	D:\Escuela\Universidad\Logiciels\Xilinx\Vivado\2020.2\lib\win64.o\librdi_hip_devdesign.dll
0x00007ff96e350000 - 0x00007ff96e9ad000 	D:\Escuela\Universidad\Logiciels\Xilinx\Vivado\2020.2\lib\win64.o\librdi_drc.dll
0x00007ff96dc80000 - 0x00007ff96e342000 	D:\Escuela\Universidad\Logiciels\Xilinx\Vivado\2020.2\lib\win64.o\librdi_filemgmt.dll
0x00007ff96d590000 - 0x00007ff96d6d7000 	D:\Escuela\Universidad\Logiciels\Xilinx\Vivado\2020.2\lib\win64.o\librdi_hip_perf_analysis.dll
0x00007ff96b9b0000 - 0x00007ff96d584000 	D:\Escuela\Universidad\Logiciels\Xilinx\Vivado\2020.2\lib\win64.o\librdi_implflow.dll
0x00007ff96b360000 - 0x00007ff96b9ac000 	D:\Escuela\Universidad\Logiciels\Xilinx\Vivado\2020.2\lib\win64.o\librdi_memdata.dll
0x00007ff9c3100000 - 0x00007ff9c3172000 	D:\Escuela\Universidad\Logiciels\Xilinx\Vivado\2020.2\lib\win64.o\librdi_memoryarray.dll
0x00007ff968f10000 - 0x00007ff96b354000 	D:\Escuela\Universidad\Logiciels\Xilinx\Vivado\2020.2\lib\win64.o\librdi_mig.dll
0x00007ff9687e0000 - 0x00007ff968f0c000 	D:\Escuela\Universidad\Logiciels\Xilinx\Vivado\2020.2\lib\win64.o\librdi_netlist.dll
0x00007ff9c6bf0000 - 0x00007ff9c6c44000 	D:\Escuela\Universidad\Logiciels\Xilinx\Vivado\2020.2\lib\win64.o\librdi_pfi.dll
0x00007ff9655d0000 - 0x00007ff9687d7000 	D:\Escuela\Universidad\Logiciels\Xilinx\Vivado\2020.2\lib\win64.o\librdi_place.dll
0x00007ff965230000 - 0x00007ff9655ce000 	D:\Escuela\Universidad\Logiciels\Xilinx\Vivado\2020.2\lib\win64.o\librdi_platform.dll
0x00007ff964a10000 - 0x00007ff965227000 	D:\Escuela\Universidad\Logiciels\Xilinx\Vivado\2020.2\lib\win64.o\librdi_power.dll
0x00007ff964390000 - 0x00007ff964a04000 	D:\Escuela\Universidad\Logiciels\Xilinx\Vivado\2020.2\lib\win64.o\librdi_project.dll
0x00007ff963c60000 - 0x00007ff964382000 	D:\Escuela\Universidad\Logiciels\Xilinx\Vivado\2020.2\lib\win64.o\librdi_psta.dll
0x00007ff963450000 - 0x00007ff963c5c000 	D:\Escuela\Universidad\Logiciels\Xilinx\Vivado\2020.2\lib\win64.o\librdi_rsb.dll
0x00007ff962f20000 - 0x00007ff96344b000 	D:\Escuela\Universidad\Logiciels\Xilinx\Vivado\2020.2\lib\win64.o\librdi_runs.dll
0x00007ff962e10000 - 0x00007ff962f19000 	D:\Escuela\Universidad\Logiciels\Xilinx\Vivado\2020.2\lib\win64.o\librdi_runsbase.dll
0x00007ff962b90000 - 0x00007ff962e04000 	D:\Escuela\Universidad\Logiciels\Xilinx\Vivado\2020.2\lib\win64.o\librdi_simdata.dll
0x00007ff961c00000 - 0x00007ff962b81000 	D:\Escuela\Universidad\Logiciels\Xilinx\Vivado\2020.2\lib\win64.o\librdi_timing.dll
0x00007ff961ae0000 - 0x00007ff961bf6000 	D:\Escuela\Universidad\Logiciels\Xilinx\Vivado\2020.2\lib\win64.o\librdi_xhub.dll
0x00007ff9c0130000 - 0x00007ff9c01d7000 	D:\Escuela\Universidad\Logiciels\Xilinx\Vivado\2020.2\lib\win64.o\librdi_xhubtasks.dll
0x00007ff9618f0000 - 0x00007ff961adb000 	D:\Escuela\Universidad\Logiciels\Xilinx\Vivado\2020.2\lib\win64.o\librdi_advchipscopeimpl.dll
0x00007ff9d5550000 - 0x00007ff9d5597000 	D:\Escuela\Universidad\Logiciels\Xilinx\Vivado\2020.2\lib\win64.o\libboost_serialization.dll
0x00007ff961800000 - 0x00007ff9618eb000 	D:\Escuela\Universidad\Logiciels\Xilinx\Vivado\2020.2\lib\win64.o\librdi_ipconfig_readwrite.dll
0x00007ff9bde50000 - 0x00007ff9bdeba000 	D:\Escuela\Universidad\Logiciels\Xilinx\Vivado\2020.2\lib\win64.o\librdi_noc_frameworks.dll
0x00007ff9cc900000 - 0x00007ff9cc946000 	D:\Escuela\Universidad\Logiciels\Xilinx\Vivado\2020.2\lib\win64.o\libboost_graph.dll
0x00007ff961730000 - 0x00007ff9617f6000 	D:\Escuela\Universidad\Logiciels\Xilinx\Vivado\2020.2\lib\win64.o\librdi_bda.dll
0x00007ff960160000 - 0x00007ff96045b000 	D:\Escuela\Universidad\Logiciels\Xilinx\Vivado\2020.2\lib\win64.o\librdi_hip_config.dll
0x00007ff960fc0000 - 0x00007ff961727000 	D:\Escuela\Universidad\Logiciels\Xilinx\Vivado\2020.2\lib\win64.o\librdi_ippcw.dll

dbghelp: loaded successfully - version: 4.0.5 - missing functions: none
symbol engine: initialized successfully - sym options: 0x614 - pdb path: .;D:\Escuela\Universidad\Logiciels\Xilinx\Vivado\2020.2\bin\unwrapped\win64.o;C:\WINDOWS\SYSTEM32;D:\Escuela\Universidad\Logiciels\Xilinx\Vivado\2020.2\lib\win64.o;C:\WINDOWS\WinSxS\amd64_microsoft.windows.common-controls_6595b64144ccf1df_5.82.19041.1110_none_792d1c772443f647;D:\Escuela\Universidad\Logiciels\Xilinx\Vivado\2020.2\tps\win64\jre11.0.2\bin\server;D:\Escuela\Universidad\Logiciels\Xilinx\Vivado\2020.2\tps\win64\python-3.8.3;D:\Escuela\Universidad\Logiciels\Xilinx\Vivado\2020.2\tps\win64\jre11.0.2\bin;C:\WINDOWS\WinSxS\amd64_microsoft.windows.common-controls_6595b64144ccf1df_6.0.19041.1110_none_60b5254171f9507e;D:\Escuela\Universidad\Logiciels\Xilinx\Vivado\2020.2\tps\win64\javafx-sdk-11.0.2\bin;C:\WINDOWS\System32\DriverStore\FileRepository\nv_dispi.inf_amd64_1c83a5d7cffd7bff

VM Arguments:
jvm_args: -Dsun.java2d.pmoffscreen=false -Dhttps.protocols=TLSv1,TLSv1.1,TLSv1.2 -Dsun.java2d.xrender=false -Dsun.java2d.d3d=false -Dsun.awt.nopixfmt=true -Dsun.java2d.dpiaware=true -Dsun.java2d.uiScale.enabled=false -Xverify:none -Dswing.aatext=true -XX:-UsePerfData -Djdk.map.althashing.threshold=512 -XX:StringTableSize=4072 --add-opens=java.base/java.nio=ALL-UNNAMED --add-opens=java.desktop/sun.swing=ALL-UNNAMED --add-opens=java.desktop/javax.swing=ALL-UNNAMED --add-opens=java.desktop/javax.swing.tree=ALL-UNNAMED --add-opens=java.desktop/javax.swing.plaf.basic=ALL-UNNAMED --add-opens=java.desktop/javax.swing.plaf.synth=ALL-UNNAMED --add-opens=java.desktop/com.sun.awt=ALL-UNNAMED -XX:NewSize=60m -XX:MaxNewSize=60m -Xms128m -Xmx3072m -Xss5m 
java_command: <unknown>
java_class_path (initial): D:/Escuela/Universidad/Logiciels/Xilinx/Vivado/2020.2\lib\classes\alloy.jar;D:/Escuela/Universidad/Logiciels/Xilinx/Vivado/2020.2\lib\classes\ArchiveSummary.jar;D:/Escuela/Universidad/Logiciels/Xilinx/Vivado/2020.2\lib\classes\autoesl-models.jar;D:/Escuela/Universidad/Logiciels/Xilinx/Vivado/2020.2\lib\classes\autopilot.scelaborator.jar;D:/Escuela/Universidad/Logiciels/Xilinx/Vivado/2020.2\lib\classes\autopilot.sourceprocessor.jar;D:/Escuela/Universidad/Logiciels/Xilinx/Vivado/2020.2\lib\classes\autopilot.tbprocessor.jar;D:/Escuela/Universidad/Logiciels/Xilinx/Vivado/2020.2\lib\classes\batik-anim.jar;D:/Escuela/Universidad/Logiciels/Xilinx/Vivado/2020.2\lib\classes\batik-awt-util.jar;D:/Escuela/Universidad/Logiciels/Xilinx/Vivado/2020.2\lib\classes\batik-bridge.jar;D:/Escuela/Universidad/Logiciels/Xilinx/Vivado/2020.2\lib\classes\batik-codec.jar;D:/Escuela/Universidad/Logiciels/Xilinx/Vivado/2020.2\lib\classes\batik-css.jar;D:/Escuela/Universidad/Logiciels/Xilinx/Vivado/2020.2\lib\classes\batik-dom.jar;D:/Escuela/Universidad/Logiciels/Xilinx/Vivado/2020.2\lib\classes\batik-ext.jar;D:/Escuela/Universidad/Logiciels/Xilinx/Vivado/2020.2\lib\classes\batik-gui-util.jar;D:/Escuela/Universidad/Logiciels/Xilinx/Vivado/2020.2\lib\classes\batik-gvt.jar;D:/Escuela/Universidad/Logiciels/Xilinx/Vivado/2020.2\lib\classes\batik-parser.jar;D:/Escuela/Universidad/Logiciels/Xilinx/Vivado/2020.2\lib\classes\batik-script.jar;D:/Escuela/Universidad/Logiciels/Xilinx/Vivado/2020.2\lib\classes\batik-svg-dom.jar;D:/Escuela/Universidad/Logiciels/Xilinx/Vivado/2020.2\lib\classes\batik-swing.jar;D:/Escuela/Universidad/Logiciels/Xilinx/Vivado/2020.2\lib\classes\batik-transcoder.jar;D:/Escuela/Universidad/Logiciels/Xilinx/Vivado/2020.2\lib\classes\batik-util.jar;D:/Escuela/Universidad/Logiciels/Xilinx/Vivado/2020.2\lib\classes\batik-xml.jar;D:/Escuela/Universidad/Logiciels/Xilinx/Vivado/2020.2\lib\classes\com.google.gson_2.8.2.v20180104-1110.jar;D:/Escuela/Universida
Launcher Type: generic

[Global flags]
     bool BytecodeVerificationLocal                = false                                     {product} {command line}
     bool BytecodeVerificationRemote               = false                                     {product} {command line}
     intx CICompilerCount                          = 4                                         {product} {ergonomic}
     uint ConcGCThreads                            = 2                                         {product} {ergonomic}
     uint G1ConcRefinementThreads                  = 8                                         {product} {ergonomic}
   size_t G1HeapRegionSize                         = 1048576                                   {product} {ergonomic}
    uintx GCDrainStackTargetSize                   = 64                                        {product} {ergonomic}
   size_t InitialHeapSize                          = 134217728                                 {product} {command line}
   size_t MarkStackSize                            = 4194304                                   {product} {ergonomic}
   size_t MaxHeapSize                              = 3221225472                                {product} {command line}
   size_t MaxNewSize                               = 62914560                                  {product} {command line}
   size_t MinHeapDeltaBytes                        = 1048576                                   {product} {ergonomic}
   size_t NewSize                                  = 62914560                                  {product} {command line}
    uintx NonNMethodCodeHeapSize                   = 5835340                                {pd product} {ergonomic}
    uintx NonProfiledCodeHeapSize                  = 122911450                              {pd product} {ergonomic}
    uintx ProfiledCodeHeapSize                     = 122911450                              {pd product} {ergonomic}
    uintx ReservedCodeCacheSize                    = 251658240                              {pd product} {ergonomic}
     bool SegmentedCodeCache                       = true                                      {product} {ergonomic}
    uintx StringTableSize                          = 4072                                      {product} {command line}
     intx ThreadStackSize                          = 5120                                   {pd product} {command line}
     bool UseCompressedClassPointers               = true                                 {lp64_product} {ergonomic}
     bool UseCompressedOops                        = true                                 {lp64_product} {ergonomic}
     bool UseG1GC                                  = true                                      {product} {ergonomic}
     bool UseLargePagesIndividualAllocation        = false                                  {pd product} {ergonomic}
     bool UsePerfData                              = false                                     {product} {command line}

Logging:
Log output configuration:
 #0: stdout all=warning uptime,level,tags
 #1: stderr all=off uptime,level,tags

Environment Variables:
PATH=D:/Escuela/Universidad/Logiciels/Xilinx/Vivado/2020.2\gnuwin\bin;D:/Escuela/Universidad/Logiciels/Xilinx/Vivado/2020.2\gnu\microblaze\nt\bin;D:/Escuela/Universidad/Logiciels/Xilinx/Vivado/2020.2/bin;D:/Escuela/Universidad/Logiciels/Xilinx/Vivado/2020.2/tps/win64/javafx-sdk-11.0.2/lib;D:/Escuela/Universidad/Logiciels/Xilinx/Vivado/2020.2/tps/win64/javafx-sdk-11.0.2/bin;D:/Escuela/Universidad/Logiciels/Xilinx/Vivado/2020.2/lib/win64.o;D:/Escuela/Universidad/Logiciels/Xilinx/Vivado/2020.2/tps/win64/jre11.0.2/bin/server;D:/Escuela/Universidad/Logiciels/Xilinx/Vivado/2020.2/tps/win64/jre11.0.2/bin;D:/Escuela/Universidad/Logiciels/Xilinx/Vitis/2020.2/bin;D:/Escuela/Universidad/Logiciels/Xilinx/Vivado/2020.2/ids_lite/ISE/bin/nt64;D:/Escuela/Universidad/Logiciels/Xilinx/Vivado/2020.2/ids_lite/ISE/lib/nt64;D:/Escuela/Universidad/Logiciels/Xilinx/Vitis_HLS/2020.2/bin;D:\Escuela\Universidad\Logiciels\Python\Python3.8.6\Scripts\;D:\Escuela\Universidad\Logiciels\Python\Python3.8.6\;C:\Program Files (x86)\Common Files\Oracle\Java\javapath;C:\Program Files (x86)\Intel\iCLS Client\;C:\Program Files\Intel\iCLS Client\;C:\Windows\system32;C:\Windows;C:\Windows\System32\Wbem;C:\Windows\System32\WindowsPowerShell\v1.0\;C:\Program Files (x86)\Intel\Intel(R) Management Engine Components\DAL;C:\Program Files\Intel\Intel(R) Management Engine Components\DAL;C:\Program Files (x86)\Intel\Intel(R) Management Engine Components\IPT;C:\Program Files\Intel\Intel(R) Management Engine Components\IPT;C:\Program Files (x86)\ATI Technologies\ATI.ACE\Core-Static;C:\Users\Pedro\AppData\Local\Microsoft\WindowsApps;C:\Users\Pedro\.dnx\bin;C:\Program Files\Microsoft DNX\Dnvm\;C:\Program Files\Microsoft SQL Server\130\Tools\Binn\;C:\WINDOWS\System32\OpenSSH\;D:\Escuela\Universidad\Logiciels\MinGW\bin;C:\Program Files (x86)\NVIDIA Corporation\PhysX\Common;D:\Escuela\Universidad\Logiciels\Qt\5.14.2\msvc2017_64\bin;D:\Escuela\Universidad\Logiciels\Python\PyCharm Community Edition 2019.3.3\bin;D:\Escuela\Unive
USERNAME=Pedro Scoccimarro
OS=Windows_NT
PROCESSOR_IDENTIFIER=Intel64 Family 6 Model 94 Stepping 3, GenuineIntel



---------------  S Y S T E M  ---------------

OS: Windows 10 , 64 bit Build 19041 (10.0.19041.1023)

CPU:total 8 (initial active 8) (4 cores per cpu, 2 threads per core) family 6 model 94 stepping 3, cmov, cx8, fxsr, mmx, sse, sse2, sse3, ssse3, sse4.1, sse4.2, popcnt, avx, avx2, aes, clmul, erms, rtm, 3dnowpref, lzcnt, ht, tsc, tscinvbit, bmi1, bmi2, adx, fma

Memory: 4k page, system-wide physical 16346M (9758M free)
TotalPageFile size 25825M (AvailPageFile size 14337M)
current process WorkingSet (physical memory assigned to process): 1883M, peak: 1895M
current process commit charge ("private bytes"): 1918M, peak: 1935M

vm_info: OpenJDK 64-Bit Server VM (11.0.2+9) for windows-amd64 JRE (11.0.2+9), built on Jan 18 2019 05:23:22 by "mach5one" with MS VC++ 15.5 (VS2017)

END.
